2021-04-23 12:24:26.086 <?xml version="1.0" encoding="UTF-8" standalone="yes"?>
<ixn:interactionDto xmlns:com="http://isis.apache.org/schema/common" xmlns:cmd="http://isis.apache.org/schema/cmd" xmlns:ixn="http://isis.apache.org/schema/ixn">
    <ixn:majorVersion>1</ixn:majorVersion>
    <ixn:minorVersion>0</ixn:minorVersion>
    <ixn:transactionId>e69856c7-b329-4a3e-8b99-cbb7d5e47bc7</ixn:transactionId>
    <ixn:execution xsi:type="ixn:actionInvocationDto" interactionType="action_invocation" xmlns:xsi="http://www.w3.org/2001/XMLSchema-instance">
        <ixn:sequence>0</ixn:sequence>
        <ixn:target type="homepage.HomePageService" id="1"/>
        <ixn:logicalMemberIdentifier>homepage.HomePageService#homePage()</ixn:logicalMemberIdentifier>
        <ixn:memberIdentifier>domainapp.application.services.homepage.HomePageService#homePage()</ixn:memberIdentifier>
        <ixn:user>sven</ixn:user>
        <ixn:title>homepage.HomePageService:1: homePage()</ixn:title>
        <ixn:metrics>
            <ixn:timings>
                <com:startedAt>2021-04-23T12:24:25.904-03:00</com:startedAt>
                <com:completedAt>2021-04-23T12:24:25.983-03:00</com:completedAt>
            </ixn:timings>
            <ixn:objectCounts>
                <ixn:loaded before="0" after="0"/>
                <ixn:dirtied before="0" after="0"/>
            </ixn:objectCounts>
        </ixn:metrics>
        <ixn:parameters/>
        <ixn:returned type="reference" null="false">
            <com:reference objectState="viewModel" type="domainapp.application.services.homepage.HomePageViewModel" id="PD94bWwgdmVyc2lvbj0iMS4wIiBlbmNvZGluZz0iVVRGLTgiPz4KPG1lbWVudG8vPg=="/>
        </ixn:returned>
    </ixn:execution>
</ixn:interactionDto>

2021-04-23 12:24:45.974 <?xml version="1.0" encoding="UTF-8" standalone="yes"?>
<ixn:interactionDto xmlns:com="http://isis.apache.org/schema/common" xmlns:cmd="http://isis.apache.org/schema/cmd" xmlns:ixn="http://isis.apache.org/schema/ixn">
    <ixn:majorVersion>1</ixn:majorVersion>
    <ixn:minorVersion>0</ixn:minorVersion>
    <ixn:transactionId>83a6caa6-5882-47f3-9eb1-f0911b2a4c21</ixn:transactionId>
    <ixn:execution xsi:type="ixn:actionInvocationDto" interactionType="action_invocation" xmlns:xsi="http://www.w3.org/2001/XMLSchema-instance">
        <ixn:sequence>0</ixn:sequence>
        <ixn:target type="simple.PlantaMenu" id="1"/>
        <ixn:logicalMemberIdentifier>simple.PlantaMenu#create()</ixn:logicalMemberIdentifier>
        <ixn:memberIdentifier>domainapp.modules.simple.dom.planta.PlantaRepositorio#create()</ixn:memberIdentifier>
        <ixn:user>sven</ixn:user>
        <ixn:title>simple.PlantaMenu:1: create()</ixn:title>
        <ixn:metrics>
            <ixn:timings>
                <com:startedAt>2021-04-23T12:24:45.882-03:00</com:startedAt>
                <com:completedAt>2021-04-23T12:24:45.884-03:00</com:completedAt>
            </ixn:timings>
            <ixn:objectCounts>
                <ixn:loaded before="0" after="0"/>
                <ixn:dirtied before="0" after="0"/>
            </ixn:objectCounts>
        </ixn:metrics>
        <ixn:parameters>
            <cmd:parameter name="Nombre" type="string" null="false">
                <com:string>p1</com:string>
            </cmd:parameter>
            <cmd:parameter name="Provincia" type="string" null="false">
                <com:string>p2</com:string>
            </cmd:parameter>
            <cmd:parameter name="Cliente" type="string" null="false">
                <com:string>p3</com:string>
            </cmd:parameter>
        </ixn:parameters>
        <ixn:returned type="reference" null="false">
            <com:reference objectState="transient" type="simple.Planta" id="b1382969-fce3-468a-a9bb-b740185e28cd"/>
        </ixn:returned>
    </ixn:execution>
</ixn:interactionDto>

2021-04-23 12:24:46.085 <?xml version="1.0" encoding="UTF-8" standalone="yes"?>
<chg:changesDto xmlns:com="http://isis.apache.org/schema/common" xmlns:chg="http://isis.apache.org/schema/chg">
    <chg:majorVersion>1</chg:majorVersion>
    <chg:minorVersion>0</chg:minorVersion>
    <chg:transactionId>83a6caa6-5882-47f3-9eb1-f0911b2a4c21</chg:transactionId>
    <chg:sequence>3</chg:sequence>
    <chg:completedAt>2021-04-23T12:24:46.081-03:00</chg:completedAt>
    <chg:user>sven</chg:user>
    <chg:objects>
        <chg:loaded>0</chg:loaded>
        <chg:created>
            <com:oid type="simple.Planta" id="1"/>
        </chg:created>
        <chg:updated/>
        <chg:deleted/>
        <chg:propertiesModified>3</chg:propertiesModified>
    </chg:objects>
</chg:changesDto>

2021-04-23 12:25:19.503 <?xml version="1.0" encoding="UTF-8" standalone="yes"?>
<ixn:interactionDto xmlns:com="http://isis.apache.org/schema/common" xmlns:cmd="http://isis.apache.org/schema/cmd" xmlns:ixn="http://isis.apache.org/schema/ixn">
    <ixn:majorVersion>1</ixn:majorVersion>
    <ixn:minorVersion>0</ixn:minorVersion>
    <ixn:transactionId>d5b98368-3204-4508-8ff9-68e23f1b2fed</ixn:transactionId>
    <ixn:execution xsi:type="ixn:actionInvocationDto" interactionType="action_invocation" xmlns:xsi="http://www.w3.org/2001/XMLSchema-instance">
        <ixn:sequence>0</ixn:sequence>
        <ixn:target type="simple.EquipoMenu" id="1"/>
        <ixn:logicalMemberIdentifier>simple.EquipoMenu#create()</ixn:logicalMemberIdentifier>
        <ixn:memberIdentifier>domainapp.modules.simple.dom.equipo.EquipoRepositorio#create()</ixn:memberIdentifier>
        <ixn:user>sven</ixn:user>
        <ixn:title>simple.EquipoMenu:1: create()</ixn:title>
        <ixn:metrics>
            <ixn:timings>
                <com:startedAt>2021-04-23T12:25:19.482-03:00</com:startedAt>
                <com:completedAt>2021-04-23T12:25:19.482-03:00</com:completedAt>
            </ixn:timings>
            <ixn:objectCounts>
                <ixn:loaded before="1" after="1"/>
                <ixn:dirtied before="0" after="0"/>
            </ixn:objectCounts>
        </ixn:metrics>
        <ixn:parameters>
            <cmd:parameter name="Denominacion" type="string" null="false">
                <com:string>1</com:string>
            </cmd:parameter>
            <cmd:parameter name="Modelo" type="string" null="false">
                <com:string>1</com:string>
            </cmd:parameter>
            <cmd:parameter name="Horometro" type="int" null="false">
                <com:int>1</com:int>
            </cmd:parameter>
            <cmd:parameter name="Horas" type="int" null="false">
                <com:int>1</com:int>
            </cmd:parameter>
            <cmd:parameter name="Ultimo" type="jodaLocalDate" null="false">
                <com:localDate>2021-04-01</com:localDate>
            </cmd:parameter>
            <cmd:parameter name="Porcentaje" type="int" null="false">
                <com:int>1</com:int>
            </cmd:parameter>
            <cmd:parameter name="rpm" type="int" null="false">
                <com:int>1</com:int>
            </cmd:parameter>
            <cmd:parameter name="Presion" type="int" null="false">
                <com:int>1</com:int>
            </cmd:parameter>
            <cmd:parameter name="Planta" type="reference" null="false">
                <com:reference type="simple.Planta" id="1"/>
            </cmd:parameter>
        </ixn:parameters>
        <ixn:returned type="reference" null="false">
            <com:reference objectState="transient" type="simple.Equipo" id="8a97bdb3-7a44-45e0-a1eb-8158f077d7d7"/>
        </ixn:returned>
    </ixn:execution>
</ixn:interactionDto>

2021-04-23 12:25:19.542 <?xml version="1.0" encoding="UTF-8" standalone="yes"?>
<chg:changesDto xmlns:com="http://isis.apache.org/schema/common" xmlns:chg="http://isis.apache.org/schema/chg">
    <chg:majorVersion>1</chg:majorVersion>
    <chg:minorVersion>0</chg:minorVersion>
    <chg:transactionId>d5b98368-3204-4508-8ff9-68e23f1b2fed</chg:transactionId>
    <chg:sequence>3</chg:sequence>
    <chg:completedAt>2021-04-23T12:25:19.541-03:00</chg:completedAt>
    <chg:user>sven</chg:user>
    <chg:objects>
        <chg:loaded>1</chg:loaded>
        <chg:created>
            <com:oid type="simple.Equipo" id="1"/>
        </chg:created>
        <chg:updated>
            <com:oid type="simple.Planta" id="1"/>
        </chg:updated>
        <chg:deleted/>
        <chg:propertiesModified>9</chg:propertiesModified>
    </chg:objects>
</chg:changesDto>

2021-04-23 12:25:37.610 <?xml version="1.0" encoding="UTF-8" standalone="yes"?>
<ixn:interactionDto xmlns:com="http://isis.apache.org/schema/common" xmlns:cmd="http://isis.apache.org/schema/cmd" xmlns:ixn="http://isis.apache.org/schema/ixn">
    <ixn:majorVersion>1</ixn:majorVersion>
    <ixn:minorVersion>0</ixn:minorVersion>
    <ixn:transactionId>b4fe4738-c3bb-43ef-bcaa-c4f6c38b51f4</ixn:transactionId>
    <ixn:execution xsi:type="ixn:actionInvocationDto" interactionType="action_invocation" xmlns:xsi="http://www.w3.org/2001/XMLSchema-instance">
        <ixn:sequence>0</ixn:sequence>
        <ixn:target type="simple.PlantaMenu" id="1"/>
        <ixn:logicalMemberIdentifier>simple.PlantaMenu#create()</ixn:logicalMemberIdentifier>
        <ixn:memberIdentifier>domainapp.modules.simple.dom.planta.PlantaRepositorio#create()</ixn:memberIdentifier>
        <ixn:user>sven</ixn:user>
        <ixn:title>simple.PlantaMenu:1: create()</ixn:title>
        <ixn:metrics>
            <ixn:timings>
                <com:startedAt>2021-04-23T12:25:37.600-03:00</com:startedAt>
                <com:completedAt>2021-04-23T12:25:37.601-03:00</com:completedAt>
            </ixn:timings>
            <ixn:objectCounts>
                <ixn:loaded before="0" after="0"/>
                <ixn:dirtied before="0" after="0"/>
            </ixn:objectCounts>
        </ixn:metrics>
        <ixn:parameters>
            <cmd:parameter name="Nombre" type="string" null="false">
                <com:string>p2</com:string>
            </cmd:parameter>
            <cmd:parameter name="Provincia" type="string" null="false">
                <com:string>p2</com:string>
            </cmd:parameter>
            <cmd:parameter name="Cliente" type="string" null="false">
                <com:string>p2</com:string>
            </cmd:parameter>
        </ixn:parameters>
        <ixn:returned type="reference" null="false">
            <com:reference objectState="transient" type="simple.Planta" id="fc99164f-5395-4255-a5d3-19b1498e4053"/>
        </ixn:returned>
    </ixn:execution>
</ixn:interactionDto>

2021-04-23 12:25:37.635 <?xml version="1.0" encoding="UTF-8" standalone="yes"?>
<chg:changesDto xmlns:com="http://isis.apache.org/schema/common" xmlns:chg="http://isis.apache.org/schema/chg">
    <chg:majorVersion>1</chg:majorVersion>
    <chg:minorVersion>0</chg:minorVersion>
    <chg:transactionId>b4fe4738-c3bb-43ef-bcaa-c4f6c38b51f4</chg:transactionId>
    <chg:sequence>3</chg:sequence>
    <chg:completedAt>2021-04-23T12:25:37.632-03:00</chg:completedAt>
    <chg:user>sven</chg:user>
    <chg:objects>
        <chg:loaded>0</chg:loaded>
        <chg:created>
            <com:oid type="simple.Planta" id="2"/>
        </chg:created>
        <chg:updated/>
        <chg:deleted/>
        <chg:propertiesModified>3</chg:propertiesModified>
    </chg:objects>
</chg:changesDto>

2021-04-23 12:25:40.012 <?xml version="1.0" encoding="UTF-8" standalone="yes"?>
<ixn:interactionDto xmlns:com="http://isis.apache.org/schema/common" xmlns:cmd="http://isis.apache.org/schema/cmd" xmlns:ixn="http://isis.apache.org/schema/ixn">
    <ixn:majorVersion>1</ixn:majorVersion>
    <ixn:minorVersion>0</ixn:minorVersion>
    <ixn:transactionId>eb2556f4-208e-4394-8f6a-52d1a9563604</ixn:transactionId>
    <ixn:execution xsi:type="ixn:actionInvocationDto" interactionType="action_invocation" xmlns:xsi="http://www.w3.org/2001/XMLSchema-instance">
        <ixn:sequence>0</ixn:sequence>
        <ixn:target type="simple.PlantaMenu" id="1"/>
        <ixn:logicalMemberIdentifier>simple.PlantaMenu#listAll()</ixn:logicalMemberIdentifier>
        <ixn:memberIdentifier>domainapp.modules.simple.dom.planta.PlantaRepositorio#listAll()</ixn:memberIdentifier>
        <ixn:user>sven</ixn:user>
        <ixn:title>simple.PlantaMenu:1: listAll()</ixn:title>
        <ixn:metrics>
            <ixn:timings>
                <com:startedAt>2021-04-23T12:25:39.997-03:00</com:startedAt>
                <com:completedAt>2021-04-23T12:25:40.008-03:00</com:completedAt>
            </ixn:timings>
            <ixn:objectCounts>
                <ixn:loaded before="0" after="1"/>
                <ixn:dirtied before="0" after="0"/>
            </ixn:objectCounts>
        </ixn:metrics>
        <ixn:parameters/>
        <ixn:returned type="collection" null="false">
            <com:collection type="reference">
                <com:value>
                    <com:reference type="simple.Planta" id="1"/>
                </com:value>
                <com:value>
                    <com:reference type="simple.Planta" id="2"/>
                </com:value>
            </com:collection>
        </ixn:returned>
    </ixn:execution>
</ixn:interactionDto>

2021-04-23 12:25:52.011 <?xml version="1.0" encoding="UTF-8" standalone="yes"?>
<ixn:interactionDto xmlns:com="http://isis.apache.org/schema/common" xmlns:cmd="http://isis.apache.org/schema/cmd" xmlns:ixn="http://isis.apache.org/schema/ixn">
    <ixn:majorVersion>1</ixn:majorVersion>
    <ixn:minorVersion>0</ixn:minorVersion>
    <ixn:transactionId>6ffea49b-4799-49f2-8d3c-a0c6608c0f7c</ixn:transactionId>
    <ixn:execution xsi:type="ixn:actionInvocationDto" interactionType="action_invocation" xmlns:xsi="http://www.w3.org/2001/XMLSchema-instance">
        <ixn:sequence>0</ixn:sequence>
        <ixn:target type="simple.Planta" id="2"/>
        <ixn:logicalMemberIdentifier>simple.Planta#update()</ixn:logicalMemberIdentifier>
        <ixn:memberIdentifier>domainapp.modules.simple.dom.planta.Planta#update()</ixn:memberIdentifier>
        <ixn:user>sven</ixn:user>
        <ixn:title>simple.Planta:2: update()</ixn:title>
        <ixn:metrics>
            <ixn:timings>
                <com:startedAt>2021-04-23T12:25:52.001-03:00</com:startedAt>
                <com:completedAt>2021-04-23T12:25:52.004-03:00</com:completedAt>
            </ixn:timings>
            <ixn:objectCounts>
                <ixn:loaded before="1" after="1"/>
                <ixn:dirtied before="0" after="1"/>
            </ixn:objectCounts>
        </ixn:metrics>
        <ixn:parameters>
            <cmd:parameter name="Nombre: " type="string" null="false">
                <com:string>p22</com:string>
            </cmd:parameter>
            <cmd:parameter name="Provincia: " type="string" null="false">
                <com:string>p22</com:string>
            </cmd:parameter>
            <cmd:parameter name="Cliente: " type="string" null="false">
                <com:string>p22</com:string>
            </cmd:parameter>
        </ixn:parameters>
        <ixn:returned type="reference" null="false">
            <com:reference type="simple.Planta" id="2"/>
        </ixn:returned>
    </ixn:execution>
</ixn:interactionDto>

2021-04-23 12:25:52.316 <?xml version="1.0" encoding="UTF-8" standalone="yes"?>
<chg:changesDto xmlns:com="http://isis.apache.org/schema/common" xmlns:chg="http://isis.apache.org/schema/chg">
    <chg:majorVersion>1</chg:majorVersion>
    <chg:minorVersion>0</chg:minorVersion>
    <chg:transactionId>6ffea49b-4799-49f2-8d3c-a0c6608c0f7c</chg:transactionId>
    <chg:sequence>7</chg:sequence>
    <chg:completedAt>2021-04-23T12:25:52.315-03:00</chg:completedAt>
    <chg:user>sven</chg:user>
    <chg:objects>
        <chg:loaded>1</chg:loaded>
        <chg:created/>
        <chg:updated>
            <com:oid type="simple.Planta" id="2"/>
        </chg:updated>
        <chg:deleted/>
        <chg:propertiesModified>3</chg:propertiesModified>
    </chg:objects>
</chg:changesDto>

2021-04-23 12:25:54.460 <?xml version="1.0" encoding="UTF-8" standalone="yes"?>
<ixn:interactionDto xmlns:com="http://isis.apache.org/schema/common" xmlns:cmd="http://isis.apache.org/schema/cmd" xmlns:ixn="http://isis.apache.org/schema/ixn">
    <ixn:majorVersion>1</ixn:majorVersion>
    <ixn:minorVersion>0</ixn:minorVersion>
    <ixn:transactionId>36d62412-5bc6-4b43-b7d4-f928399ac1b4</ixn:transactionId>
    <ixn:execution xsi:type="ixn:actionInvocationDto" interactionType="action_invocation" xmlns:xsi="http://www.w3.org/2001/XMLSchema-instance">
        <ixn:sequence>0</ixn:sequence>
        <ixn:target type="simple.PlantaMenu" id="1"/>
        <ixn:logicalMemberIdentifier>simple.PlantaMenu#listAll()</ixn:logicalMemberIdentifier>
        <ixn:memberIdentifier>domainapp.modules.simple.dom.planta.PlantaRepositorio#listAll()</ixn:memberIdentifier>
        <ixn:user>sven</ixn:user>
        <ixn:title>simple.PlantaMenu:1: listAll()</ixn:title>
        <ixn:metrics>
            <ixn:timings>
                <com:startedAt>2021-04-23T12:25:54.443-03:00</com:startedAt>
                <com:completedAt>2021-04-23T12:25:54.457-03:00</com:completedAt>
            </ixn:timings>
            <ixn:objectCounts>
                <ixn:loaded before="0" after="1"/>
                <ixn:dirtied before="0" after="0"/>
            </ixn:objectCounts>
        </ixn:metrics>
        <ixn:parameters/>
        <ixn:returned type="collection" null="false">
            <com:collection type="reference">
                <com:value>
                    <com:reference type="simple.Planta" id="1"/>
                </com:value>
                <com:value>
                    <com:reference type="simple.Planta" id="2"/>
                </com:value>
            </com:collection>
        </ixn:returned>
    </ixn:execution>
</ixn:interactionDto>

