2021-04-22 14:08:32.046 START: workQueue.size: 0, waited for: 1ms, ChangesDtoUtils.init()
2021-04-22 14:08:32.047 START: workQueue.size: 0, waited for: 1ms, SpecificationLoader#init()
2021-04-22 14:08:32.047 START: workQueue.size: 0, waited for: 1ms, InteractionDtoUtils.init()
2021-04-22 14:08:32.046 START: workQueue.size: 0, waited for: 1ms, persistenceSessionFactory#init(...)
2021-04-22 14:08:32.667 END: completed in: 621ms, ChangesDtoUtils.init()
2021-04-22 14:08:32.668 START: workQueue.size: 0, waited for: 623ms, CommandDtoUtils.init()
2021-04-22 14:08:32.780 END: completed in: 734ms, InteractionDtoUtils.init()
2021-04-22 14:08:32.780 START: workQueue.size: 1, waited for: 503ms, org.apache.isis.core.runtime.system.session.IsisSessionFactory: #introspectUpTo( TYPE_INTROSPECTED )
2021-04-22 14:08:32.803 END: completed in: 135ms, CommandDtoUtils.init()
2021-04-22 14:08:32.803 START: workQueue.size: 1, waited for: 526ms, org.apache.isis.core.runtime.system.persistence.PersistenceSessionFactory: #introspectUpTo( TYPE_INTROSPECTED )
2021-04-22 14:08:32.922 END: completed in: 119ms, org.apache.isis.core.runtime.system.persistence.PersistenceSessionFactory: #introspectUpTo( TYPE_INTROSPECTED )
2021-04-22 14:08:32.922 START: workQueue.size: 1, waited for: 645ms, org.apache.isis.core.metamodel.specloader.SpecificationLoader: #introspectUpTo( TYPE_INTROSPECTED )
2021-04-22 14:08:32.923 END: completed in: 143ms, org.apache.isis.core.runtime.system.session.IsisSessionFactory: #introspectUpTo( TYPE_INTROSPECTED )
2021-04-22 14:08:32.923 START: workQueue.size: 1, waited for: 646ms, org.apache.isis.core.runtime.authorization.standard.AuthorizationManagerStandard: #introspectUpTo( TYPE_INTROSPECTED )
2021-04-22 14:08:32.935 END: completed in: 12ms, org.apache.isis.core.metamodel.specloader.SpecificationLoader: #introspectUpTo( TYPE_INTROSPECTED )
2021-04-22 14:08:32.935 START: workQueue.size: 1, waited for: 658ms, org.apache.isis.core.runtime.authentication.standard.AuthenticationManagerStandard: #introspectUpTo( TYPE_INTROSPECTED )
2021-04-22 14:08:32.944 END: completed in: 20ms, org.apache.isis.core.runtime.authorization.standard.AuthorizationManagerStandard: #introspectUpTo( TYPE_INTROSPECTED )
2021-04-22 14:08:32.944 START: workQueue.size: 1, waited for: 667ms, org.apache.isis.core.commons.config.IsisConfigurationDefault: #introspectUpTo( TYPE_INTROSPECTED )
2021-04-22 14:08:32.948 END: completed in: 13ms, org.apache.isis.core.runtime.authentication.standard.AuthenticationManagerStandard: #introspectUpTo( TYPE_INTROSPECTED )
2021-04-22 14:08:32.949 START: workQueue.size: 1, waited for: 672ms, org.apache.isis.core.runtime.services.deplcat.DeploymentCategoryProviderDefault: #introspectUpTo( TYPE_INTROSPECTED )
2021-04-22 14:08:32.955 END: completed in: 6ms, org.apache.isis.core.runtime.services.deplcat.DeploymentCategoryProviderDefault: #introspectUpTo( TYPE_INTROSPECTED )
2021-04-22 14:08:32.955 START: workQueue.size: 1, waited for: 678ms, org.apache.isis.objectstore.jdo.datanucleus.service.eventbus.EventBusServiceJdo: #introspectUpTo( TYPE_INTROSPECTED )
2021-04-22 14:08:32.966 END: completed in: 11ms, org.apache.isis.objectstore.jdo.datanucleus.service.eventbus.EventBusServiceJdo: #introspectUpTo( TYPE_INTROSPECTED )
2021-04-22 14:08:32.967 START: workQueue.size: 1, waited for: 690ms, org.apache.isis.applib.services.queryresultscache.QueryResultsCache$Control: #introspectUpTo( TYPE_INTROSPECTED )
2021-04-22 14:08:32.970 END: completed in: 26ms, org.apache.isis.core.commons.config.IsisConfigurationDefault: #introspectUpTo( TYPE_INTROSPECTED )
2021-04-22 14:08:32.971 START: workQueue.size: 1, waited for: 693ms, domainapp.modules.simple.dom.equipo.EquipoRepositorio: #introspectUpTo( TYPE_INTROSPECTED )
2021-04-22 14:08:32.977 END: completed in: 9ms, org.apache.isis.applib.services.queryresultscache.QueryResultsCache$Control: #introspectUpTo( TYPE_INTROSPECTED )
2021-04-22 14:08:32.977 START: workQueue.size: 1, waited for: 700ms, domainapp.modules.simple.dom.impl.SimpleObjects: #introspectUpTo( TYPE_INTROSPECTED )
2021-04-22 14:08:33.000 END: completed in: 30ms, domainapp.modules.simple.dom.equipo.EquipoRepositorio: #introspectUpTo( TYPE_INTROSPECTED )
2021-04-22 14:08:33.001 START: workQueue.size: 1, waited for: 724ms, domainapp.modules.simple.dom.planta.PlantaRepositorio: #introspectUpTo( TYPE_INTROSPECTED )
2021-04-22 14:08:33.010 END: completed in: 9ms, domainapp.modules.simple.dom.planta.PlantaRepositorio: #introspectUpTo( TYPE_INTROSPECTED )
2021-04-22 14:08:33.010 START: workQueue.size: 1, waited for: 733ms, org.apache.isis.applib.services.fixturespec.FixtureScriptsDefault: #introspectUpTo( TYPE_INTROSPECTED )
2021-04-22 14:08:33.014 END: completed in: 37ms, domainapp.modules.simple.dom.impl.SimpleObjects: #introspectUpTo( TYPE_INTROSPECTED )
2021-04-22 14:08:33.014 START: workQueue.size: 1, waited for: 737ms, org.apache.isis.applib.services.layout.LayoutServiceMenu: #introspectUpTo( TYPE_INTROSPECTED )
2021-04-22 14:08:33.022 END: completed in: 8ms, org.apache.isis.applib.services.layout.LayoutServiceMenu: #introspectUpTo( TYPE_INTROSPECTED )
2021-04-22 14:08:33.022 START: workQueue.size: 1, waited for: 745ms, org.apache.isis.applib.services.metamodel.MetaModelServicesMenu: #introspectUpTo( TYPE_INTROSPECTED )
2021-04-22 14:08:33.031 END: completed in: 9ms, org.apache.isis.applib.services.metamodel.MetaModelServicesMenu: #introspectUpTo( TYPE_INTROSPECTED )
2021-04-22 14:08:33.035 START: workQueue.size: 1, waited for: 754ms, org.apache.isis.applib.services.swagger.SwaggerServiceMenu: #introspectUpTo( TYPE_INTROSPECTED )
2021-04-22 14:08:33.045 END: completed in: 14ms, org.apache.isis.applib.services.swagger.SwaggerServiceMenu: #introspectUpTo( TYPE_INTROSPECTED )
2021-04-22 14:08:33.045 START: workQueue.size: 1, waited for: 768ms, org.apache.isis.core.runtime.services.i18n.po.TranslationServicePoMenu: #introspectUpTo( TYPE_INTROSPECTED )
2021-04-22 14:08:33.062 END: completed in: 17ms, org.apache.isis.core.runtime.services.i18n.po.TranslationServicePoMenu: #introspectUpTo( TYPE_INTROSPECTED )
2021-04-22 14:08:33.062 START: workQueue.size: 1, waited for: 785ms, org.apache.isis.applib.services.hsqldb.HsqlDbManagerMenu: #introspectUpTo( TYPE_INTROSPECTED )
2021-04-22 14:08:33.070 END: completed in: 8ms, org.apache.isis.applib.services.hsqldb.HsqlDbManagerMenu: #introspectUpTo( TYPE_INTROSPECTED )
2021-04-22 14:08:33.071 START: workQueue.size: 1, waited for: 794ms, org.apache.isis.applib.services.config.ConfigurationServiceMenu: #introspectUpTo( TYPE_INTROSPECTED )
2021-04-22 14:08:33.077 END: completed in: 6ms, org.apache.isis.applib.services.config.ConfigurationServiceMenu: #introspectUpTo( TYPE_INTROSPECTED )
2021-04-22 14:08:33.079 START: workQueue.size: 1, waited for: 802ms, org.apache.isis.applib.conmap.ContentMappingServiceForCommandDto$CopyOverFromCommand: #introspectUpTo( TYPE_INTROSPECTED )
2021-04-22 14:08:33.077 END: completed in: 67ms, org.apache.isis.applib.services.fixturespec.FixtureScriptsDefault: #introspectUpTo( TYPE_INTROSPECTED )
2021-04-22 14:08:33.083 START: workQueue.size: 1, waited for: 806ms, domainapp.application.fixture.DomainAppFixtureScriptsSpecificationProvider: #introspectUpTo( TYPE_INTROSPECTED )
2021-04-22 14:08:33.084 END: completed in: 5ms, org.apache.isis.applib.conmap.ContentMappingServiceForCommandDto$CopyOverFromCommand: #introspectUpTo( TYPE_INTROSPECTED )
2021-04-22 14:08:33.085 START: workQueue.size: 1, waited for: 808ms, domainapp.application.services.health.HealthCheckServiceImpl: #introspectUpTo( TYPE_INTROSPECTED )
2021-04-22 14:08:33.088 END: completed in: 5ms, domainapp.application.fixture.DomainAppFixtureScriptsSpecificationProvider: #introspectUpTo( TYPE_INTROSPECTED )
2021-04-22 14:08:33.089 START: workQueue.size: 1, waited for: 812ms, domainapp.application.services.homepage.HomePageService: #introspectUpTo( TYPE_INTROSPECTED )
2021-04-22 14:08:33.090 END: completed in: 4ms, domainapp.application.services.health.HealthCheckServiceImpl: #introspectUpTo( TYPE_INTROSPECTED )
2021-04-22 14:08:33.090 START: workQueue.size: 1, waited for: 813ms, org.apache.isis.applib.services.dto.DtoMappingHelper: #introspectUpTo( TYPE_INTROSPECTED )
2021-04-22 14:08:33.095 END: completed in: 4ms, org.apache.isis.applib.services.dto.DtoMappingHelper: #introspectUpTo( TYPE_INTROSPECTED )
2021-04-22 14:08:33.095 START: workQueue.size: 1, waited for: 818ms, org.apache.isis.core.runtime.services.background.CommandExecutorServiceDefault: #introspectUpTo( TYPE_INTROSPECTED )
2021-04-22 14:08:33.101 END: completed in: 6ms, org.apache.isis.core.runtime.services.background.CommandExecutorServiceDefault: #introspectUpTo( TYPE_INTROSPECTED )
2021-04-22 14:08:33.102 START: workQueue.size: 1, waited for: 825ms, org.apache.isis.core.runtime.services.menubars.MenuBarsLoaderServiceDefault: #introspectUpTo( TYPE_INTROSPECTED )
2021-04-22 14:08:33.107 END: completed in: 5ms, org.apache.isis.core.runtime.services.menubars.MenuBarsLoaderServiceDefault: #introspectUpTo( TYPE_INTROSPECTED )
2021-04-22 14:08:33.107 START: workQueue.size: 1, waited for: 830ms, org.apache.isis.core.runtime.services.menubars.bootstrap3.MenuBarsServiceBS3: #introspectUpTo( TYPE_INTROSPECTED )
2021-04-22 14:08:33.107 END: completed in: 18ms, domainapp.application.services.homepage.HomePageService: #introspectUpTo( TYPE_INTROSPECTED )
2021-04-22 14:08:33.108 START: workQueue.size: 1, waited for: 831ms, org.apache.isis.core.runtime.services.userprof.UserProfileServiceDefault: #introspectUpTo( TYPE_INTROSPECTED )
2021-04-22 14:08:33.112 END: completed in: 4ms, org.apache.isis.core.runtime.services.userprof.UserProfileServiceDefault: #introspectUpTo( TYPE_INTROSPECTED )
2021-04-22 14:08:33.113 START: workQueue.size: 1, waited for: 836ms, org.apache.isis.viewer.restfulobjects.rendering.service.conneg.ContentNegotiationServiceXRoDomainType: #introspectUpTo( TYPE_INTROSPECTED )
2021-04-22 14:08:33.124 END: completed in: 17ms, org.apache.isis.core.runtime.services.menubars.bootstrap3.MenuBarsServiceBS3: #introspectUpTo( TYPE_INTROSPECTED )
2021-04-22 14:08:33.134 START: workQueue.size: 1, waited for: 857ms, org.apache.isis.viewer.restfulobjects.rendering.service.conneg.ContentNegotiationServiceOrgApacheIsisV1: #introspectUpTo( TYPE_INTROSPECTED )
2021-04-22 14:08:33.139 END: completed in: 26ms, org.apache.isis.viewer.restfulobjects.rendering.service.conneg.ContentNegotiationServiceXRoDomainType: #introspectUpTo( TYPE_INTROSPECTED )
2021-04-22 14:08:33.140 START: workQueue.size: 1, waited for: 863ms, org.apache.isis.core.runtime.services.message.MessageServiceDefault: #introspectUpTo( TYPE_INTROSPECTED )
2021-04-22 14:08:33.146 END: completed in: 6ms, org.apache.isis.core.runtime.services.message.MessageServiceDefault: #introspectUpTo( TYPE_INTROSPECTED )
2021-04-22 14:08:33.147 START: workQueue.size: 1, waited for: 870ms, org.apache.isis.core.runtime.services.persistsession.PersistenceSessionServiceInternalDefault: #introspectUpTo( TYPE_INTROSPECTED )
2021-04-22 14:08:33.159 END: completed in: 25ms, org.apache.isis.viewer.restfulobjects.rendering.service.conneg.ContentNegotiationServiceOrgApacheIsisV1: #introspectUpTo( TYPE_INTROSPECTED )
2021-04-22 14:08:33.160 START: workQueue.size: 1, waited for: 882ms, org.apache.isis.applib.annotation.Bulk$InteractionContext: #introspectUpTo( TYPE_INTROSPECTED )
2021-04-22 14:08:33.169 END: completed in: 10ms, org.apache.isis.applib.annotation.Bulk$InteractionContext: #introspectUpTo( TYPE_INTROSPECTED )
2021-04-22 14:08:33.169 START: workQueue.size: 1, waited for: 892ms, org.apache.isis.applib.conmap.ContentMappingServiceForCommandDto: #introspectUpTo( TYPE_INTROSPECTED )
2021-04-22 14:08:33.184 END: completed in: 37ms, org.apache.isis.core.runtime.services.persistsession.PersistenceSessionServiceInternalDefault: #introspectUpTo( TYPE_INTROSPECTED )
2021-04-22 14:08:33.184 START: workQueue.size: 1, waited for: 907ms, org.apache.isis.applib.conmap.ContentMappingServiceForCommandsDto: #introspectUpTo( TYPE_INTROSPECTED )
2021-04-22 14:08:33.190 END: completed in: 5ms, org.apache.isis.applib.conmap.ContentMappingServiceForCommandsDto: #introspectUpTo( TYPE_INTROSPECTED )
2021-04-22 14:08:33.190 START: workQueue.size: 1, waited for: 913ms, org.apache.isis.applib.fixturescripts.ExecutionParametersService: #introspectUpTo( TYPE_INTROSPECTED )
2021-04-22 14:08:33.239 END: completed in: 70ms, org.apache.isis.applib.conmap.ContentMappingServiceForCommandDto: #introspectUpTo( TYPE_INTROSPECTED )
2021-04-22 14:08:33.240 START: workQueue.size: 1, waited for: 962ms, org.apache.isis.applib.services.actinvoc.ActionInvocationContext: #introspectUpTo( TYPE_INTROSPECTED )
2021-04-22 14:08:33.256 END: completed in: 17ms, org.apache.isis.applib.services.actinvoc.ActionInvocationContext: #introspectUpTo( TYPE_INTROSPECTED )
2021-04-22 14:08:33.256 END: completed in: 66ms, org.apache.isis.applib.fixturescripts.ExecutionParametersService: #introspectUpTo( TYPE_INTROSPECTED )
2021-04-22 14:08:33.256 START: workQueue.size: 1, waited for: 979ms, org.apache.isis.applib.services.audit.AuditerServiceLogging: #introspectUpTo( TYPE_INTROSPECTED )
2021-04-22 14:08:33.257 START: workQueue.size: 1, waited for: 980ms, org.apache.isis.applib.services.classdiscovery.ClassDiscoveryServiceUsingReflections: #introspectUpTo( TYPE_INTROSPECTED )
2021-04-22 14:08:33.263 END: completed in: 5ms, org.apache.isis.applib.services.classdiscovery.ClassDiscoveryServiceUsingReflections: #introspectUpTo( TYPE_INTROSPECTED )
2021-04-22 14:08:33.270 END: completed in: 14ms, org.apache.isis.applib.services.audit.AuditerServiceLogging: #introspectUpTo( TYPE_INTROSPECTED )
2021-04-22 14:08:33.271 START: workQueue.size: 1, waited for: 994ms, org.apache.isis.applib.services.command.CommandContext: #introspectUpTo( TYPE_INTROSPECTED )
2021-04-22 14:08:33.275 START: workQueue.size: 1, waited for: 986ms, org.apache.isis.applib.services.clock.ClockService: #introspectUpTo( TYPE_INTROSPECTED )
2021-04-22 14:08:33.289 END: completed in: 26ms, org.apache.isis.applib.services.clock.ClockService: #introspectUpTo( TYPE_INTROSPECTED )
2021-04-22 14:08:33.291 START: workQueue.size: 1, waited for: 1014ms, org.apache.isis.applib.services.iactn.InteractionContext: #introspectUpTo( TYPE_INTROSPECTED )
2021-04-22 14:08:33.293 END: completed in: 22ms, org.apache.isis.applib.services.command.CommandContext: #introspectUpTo( TYPE_INTROSPECTED )
2021-04-22 14:08:33.293 START: workQueue.size: 1, waited for: 1016ms, org.apache.isis.applib.services.publish.PublisherServiceLogging: #introspectUpTo( TYPE_INTROSPECTED )
2021-04-22 14:08:33.306 END: completed in: 15ms, org.apache.isis.applib.services.iactn.InteractionContext: #introspectUpTo( TYPE_INTROSPECTED )
2021-04-22 14:08:33.306 START: workQueue.size: 1, waited for: 1029ms, org.apache.isis.applib.services.queryresultscache.QueryResultsCache: #introspectUpTo( TYPE_INTROSPECTED )
2021-04-22 14:08:33.317 END: completed in: 24ms, org.apache.isis.applib.services.publish.PublisherServiceLogging: #introspectUpTo( TYPE_INTROSPECTED )
2021-04-22 14:08:33.320 START: workQueue.size: 1, waited for: 1043ms, org.apache.isis.applib.services.routing.RoutingServiceDefault: #introspectUpTo( TYPE_INTROSPECTED )
2021-04-22 14:08:33.336 END: completed in: 26ms, org.apache.isis.applib.services.queryresultscache.QueryResultsCache: #introspectUpTo( TYPE_INTROSPECTED )
2021-04-22 14:08:33.339 START: workQueue.size: 1, waited for: 1062ms, org.apache.isis.applib.services.scratchpad.Scratchpad: #introspectUpTo( TYPE_INTROSPECTED )
2021-04-22 14:08:33.342 END: completed in: 22ms, org.apache.isis.applib.services.routing.RoutingServiceDefault: #introspectUpTo( TYPE_INTROSPECTED )
2021-04-22 14:08:33.342 START: workQueue.size: 1, waited for: 1065ms, org.apache.isis.applib.services.tablecol.TableColumnOrderService$Default: #introspectUpTo( TYPE_INTROSPECTED )
2021-04-22 14:08:33.345 END: completed in: 6ms, org.apache.isis.applib.services.scratchpad.Scratchpad: #introspectUpTo( TYPE_INTROSPECTED )
2021-04-22 14:08:33.347 START: workQueue.size: 1, waited for: 1069ms, org.apache.isis.applib.services.urlencoding.UrlEncodingServiceUsingBaseEncoding: #introspectUpTo( TYPE_INTROSPECTED )
2021-04-22 14:08:33.353 END: completed in: 11ms, org.apache.isis.applib.services.tablecol.TableColumnOrderService$Default: #introspectUpTo( TYPE_INTROSPECTED )
2021-04-22 14:08:33.353 START: workQueue.size: 1, waited for: 1076ms, org.apache.isis.core.metamodel.services.appfeat.ApplicationFeatureFactory: #introspectUpTo( TYPE_INTROSPECTED )
2021-04-22 14:08:33.356 END: completed in: 10ms, org.apache.isis.applib.services.urlencoding.UrlEncodingServiceUsingBaseEncoding: #introspectUpTo( TYPE_INTROSPECTED )
2021-04-22 14:08:33.356 START: workQueue.size: 1, waited for: 1079ms, org.apache.isis.core.metamodel.services.appfeat.ApplicationFeatureRepositoryDefault: #introspectUpTo( TYPE_INTROSPECTED )
2021-04-22 14:08:33.373 END: completed in: 20ms, org.apache.isis.core.metamodel.services.appfeat.ApplicationFeatureFactory: #introspectUpTo( TYPE_INTROSPECTED )
2021-04-22 14:08:33.374 START: workQueue.size: 1, waited for: 1097ms, org.apache.isis.core.metamodel.services.bookmarks.BookmarkServiceInternalDefault: #introspectUpTo( TYPE_INTROSPECTED )
2021-04-22 14:08:33.389 END: completed in: 32ms, org.apache.isis.core.metamodel.services.appfeat.ApplicationFeatureRepositoryDefault: #introspectUpTo( TYPE_INTROSPECTED )
2021-04-22 14:08:33.389 START: workQueue.size: 1, waited for: 1112ms, org.apache.isis.core.metamodel.services.config.ConfigurationServiceDefault: #introspectUpTo( TYPE_INTROSPECTED )
2021-04-22 14:08:33.398 END: completed in: 9ms, org.apache.isis.core.metamodel.services.config.ConfigurationServiceDefault: #introspectUpTo( TYPE_INTROSPECTED )
2021-04-22 14:08:33.398 START: workQueue.size: 1, waited for: 1121ms, org.apache.isis.core.metamodel.services.container.DomainObjectContainerDefault: #introspectUpTo( TYPE_INTROSPECTED )
2021-04-22 14:08:33.400 END: completed in: 26ms, org.apache.isis.core.metamodel.services.bookmarks.BookmarkServiceInternalDefault: #introspectUpTo( TYPE_INTROSPECTED )
2021-04-22 14:08:33.400 START: workQueue.size: 1, waited for: 1123ms, org.apache.isis.core.metamodel.services.factory.FactoryServiceInternalDefault: #introspectUpTo( TYPE_INTROSPECTED )
2021-04-22 14:08:33.408 END: completed in: 8ms, org.apache.isis.core.metamodel.services.factory.FactoryServiceInternalDefault: #introspectUpTo( TYPE_INTROSPECTED )
2021-04-22 14:08:33.413 START: workQueue.size: 1, waited for: 1136ms, org.apache.isis.core.metamodel.services.grid.GridLoaderServiceDefault: #introspectUpTo( TYPE_INTROSPECTED )
2021-04-22 14:08:33.430 END: completed in: 17ms, org.apache.isis.core.metamodel.services.grid.GridLoaderServiceDefault: #introspectUpTo( TYPE_INTROSPECTED )
2021-04-22 14:08:33.430 START: workQueue.size: 1, waited for: 1153ms, org.apache.isis.core.metamodel.services.grid.GridServiceDefault: #introspectUpTo( TYPE_INTROSPECTED )
2021-04-22 14:08:33.444 END: completed in: 14ms, org.apache.isis.core.metamodel.services.grid.GridServiceDefault: #introspectUpTo( TYPE_INTROSPECTED )
2021-04-22 14:08:33.445 START: workQueue.size: 1, waited for: 1167ms, org.apache.isis.core.metamodel.services.grid.bootstrap3.GridSystemServiceBS3: #introspectUpTo( TYPE_INTROSPECTED )
2021-04-22 14:08:33.462 END: completed in: 64ms, org.apache.isis.core.metamodel.services.container.DomainObjectContainerDefault: #introspectUpTo( TYPE_INTROSPECTED )
2021-04-22 14:08:33.463 START: workQueue.size: 1, waited for: 1186ms, org.apache.isis.core.metamodel.services.layout.LayoutServiceDefault: #introspectUpTo( TYPE_INTROSPECTED )
2021-04-22 14:08:33.469 END: completed in: 6ms, org.apache.isis.core.metamodel.services.layout.LayoutServiceDefault: #introspectUpTo( TYPE_INTROSPECTED )
2021-04-22 14:08:33.483 START: workQueue.size: 1, waited for: 1206ms, org.apache.isis.core.metamodel.services.message.MessageServiceNoop: #introspectUpTo( TYPE_INTROSPECTED )
2021-04-22 14:08:33.488 END: completed in: 5ms, org.apache.isis.core.metamodel.services.message.MessageServiceNoop: #introspectUpTo( TYPE_INTROSPECTED )
2021-04-22 14:08:33.488 START: workQueue.size: 1, waited for: 1211ms, org.apache.isis.core.metamodel.services.metamodel.MetaModelServiceDefault: #introspectUpTo( TYPE_INTROSPECTED )
2021-04-22 14:08:33.491 END: completed in: 47ms, org.apache.isis.core.metamodel.services.grid.bootstrap3.GridSystemServiceBS3: #introspectUpTo( TYPE_INTROSPECTED )
2021-04-22 14:08:33.493 START: workQueue.size: 1, waited for: 1216ms, org.apache.isis.core.metamodel.services.persistsession.PersistenceSessionServiceInternalNoop: #introspectUpTo( TYPE_INTROSPECTED )
2021-04-22 14:08:33.498 END: completed in: 9ms, org.apache.isis.core.metamodel.services.metamodel.MetaModelServiceDefault: #introspectUpTo( TYPE_INTROSPECTED )
2021-04-22 14:08:33.498 START: workQueue.size: 1, waited for: 1221ms, org.apache.isis.core.metamodel.services.registry.ServiceRegistryDefault: #introspectUpTo( TYPE_INTROSPECTED )
2021-04-22 14:08:33.508 END: completed in: 14ms, org.apache.isis.core.metamodel.services.persistsession.PersistenceSessionServiceInternalNoop: #introspectUpTo( TYPE_INTROSPECTED )
2021-04-22 14:08:33.509 START: workQueue.size: 1, waited for: 1232ms, org.apache.isis.core.metamodel.services.repository.RepositoryServiceInternalDefault: #introspectUpTo( TYPE_INTROSPECTED )
2021-04-22 14:08:33.511 END: completed in: 13ms, org.apache.isis.core.metamodel.services.registry.ServiceRegistryDefault: #introspectUpTo( TYPE_INTROSPECTED )
2021-04-22 14:08:33.511 START: workQueue.size: 1, waited for: 1234ms, org.apache.isis.core.metamodel.services.swagger.SwaggerServiceDefault: #introspectUpTo( TYPE_INTROSPECTED )
2021-04-22 14:08:33.516 END: completed in: 5ms, org.apache.isis.core.metamodel.services.swagger.SwaggerServiceDefault: #introspectUpTo( TYPE_INTROSPECTED )
2021-04-22 14:08:33.516 START: workQueue.size: 1, waited for: 1239ms, org.apache.isis.core.metamodel.services.title.TitleServiceDefault: #introspectUpTo( TYPE_INTROSPECTED )
2021-04-22 14:08:33.521 END: completed in: 5ms, org.apache.isis.core.metamodel.services.title.TitleServiceDefault: #introspectUpTo( TYPE_INTROSPECTED )
2021-04-22 14:08:33.522 START: workQueue.size: 1, waited for: 1245ms, org.apache.isis.core.metamodel.services.user.UserServiceDefault: #introspectUpTo( TYPE_INTROSPECTED )
2021-04-22 14:08:33.529 END: completed in: 7ms, org.apache.isis.core.metamodel.services.user.UserServiceDefault: #introspectUpTo( TYPE_INTROSPECTED )
2021-04-22 14:08:33.529 START: workQueue.size: 1, waited for: 1252ms, org.apache.isis.core.metamodel.services.user.UserServiceDefault$SudoServiceSpi: #introspectUpTo( TYPE_INTROSPECTED )
2021-04-22 14:08:33.532 END: completed in: 23ms, org.apache.isis.core.metamodel.services.repository.RepositoryServiceInternalDefault: #introspectUpTo( TYPE_INTROSPECTED )
2021-04-22 14:08:33.540 END: completed in: 11ms, org.apache.isis.core.metamodel.services.user.UserServiceDefault$SudoServiceSpi: #introspectUpTo( TYPE_INTROSPECTED )
2021-04-22 14:08:33.540 START: workQueue.size: 1, waited for: 1263ms, org.apache.isis.core.runtime.services.auditing.AuditingServiceInternal: #introspectUpTo( TYPE_INTROSPECTED )
2021-04-22 14:08:33.540 START: workQueue.size: 1, waited for: 1255ms, org.apache.isis.core.metamodel.services.xactn.TransactionServiceDefault: #introspectUpTo( TYPE_INTROSPECTED )
2021-04-22 14:08:33.555 END: completed in: 15ms, org.apache.isis.core.runtime.services.auditing.AuditingServiceInternal: #introspectUpTo( TYPE_INTROSPECTED )
2021-04-22 14:08:33.556 START: workQueue.size: 1, waited for: 1278ms, org.apache.isis.core.runtime.services.authsess.AuthenticationSessionProviderDefault: #introspectUpTo( TYPE_INTROSPECTED )
2021-04-22 14:08:33.557 END: completed in: 25ms, org.apache.isis.core.metamodel.services.xactn.TransactionServiceDefault: #introspectUpTo( TYPE_INTROSPECTED )
2021-04-22 14:08:33.558 START: workQueue.size: 1, waited for: 1281ms, org.apache.isis.core.runtime.services.background.BackgroundServiceDefault: #introspectUpTo( TYPE_INTROSPECTED )
2021-04-22 14:08:33.560 END: completed in: 5ms, org.apache.isis.core.runtime.services.authsess.AuthenticationSessionProviderDefault: #introspectUpTo( TYPE_INTROSPECTED )
2021-04-22 14:08:33.560 START: workQueue.size: 1, waited for: 1283ms, org.apache.isis.core.runtime.services.changes.ChangedObjectsServiceInternal: #introspectUpTo( TYPE_INTROSPECTED )
2021-04-22 14:08:33.565 END: completed in: 7ms, org.apache.isis.core.runtime.services.background.BackgroundServiceDefault: #introspectUpTo( TYPE_INTROSPECTED )
2021-04-22 14:08:33.565 START: workQueue.size: 1, waited for: 1288ms, org.apache.isis.core.runtime.services.command.CommandDtoServiceInternalDefault: #introspectUpTo( TYPE_INTROSPECTED )
2021-04-22 14:08:33.571 END: completed in: 6ms, org.apache.isis.core.runtime.services.command.CommandDtoServiceInternalDefault: #introspectUpTo( TYPE_INTROSPECTED )
2021-04-22 14:08:33.571 START: workQueue.size: 1, waited for: 1294ms, org.apache.isis.core.runtime.services.command.CommandServiceDefault: #introspectUpTo( TYPE_INTROSPECTED )
2021-04-22 14:08:33.578 END: completed in: 18ms, org.apache.isis.core.runtime.services.changes.ChangedObjectsServiceInternal: #introspectUpTo( TYPE_INTROSPECTED )
2021-04-22 14:08:33.578 START: workQueue.size: 1, waited for: 1301ms, org.apache.isis.core.runtime.services.email.EmailServiceDefault: #introspectUpTo( TYPE_INTROSPECTED )
2021-04-22 14:08:33.580 END: completed in: 9ms, org.apache.isis.core.runtime.services.command.CommandServiceDefault: #introspectUpTo( TYPE_INTROSPECTED )
2021-04-22 14:08:33.580 START: workQueue.size: 1, waited for: 1303ms, org.apache.isis.core.runtime.services.homepage.HomePageProviderServiceDefault: #introspectUpTo( TYPE_INTROSPECTED )
2021-04-22 14:08:33.593 END: completed in: 15ms, org.apache.isis.core.runtime.services.email.EmailServiceDefault: #introspectUpTo( TYPE_INTROSPECTED )
2021-04-22 14:08:33.594 START: workQueue.size: 1, waited for: 1317ms, org.apache.isis.core.runtime.services.i18n.po.TranslationServicePo: #introspectUpTo( TYPE_INTROSPECTED )
2021-04-22 14:08:33.597 END: completed in: 17ms, org.apache.isis.core.runtime.services.homepage.HomePageProviderServiceDefault: #introspectUpTo( TYPE_INTROSPECTED )
2021-04-22 14:08:33.598 START: workQueue.size: 1, waited for: 1320ms, org.apache.isis.core.runtime.services.ixn.InteractionDtoServiceInternalDefault: #introspectUpTo( TYPE_INTROSPECTED )
2021-04-22 14:08:33.599 END: completed in: 5ms, org.apache.isis.core.runtime.services.i18n.po.TranslationServicePo: #introspectUpTo( TYPE_INTROSPECTED )
2021-04-22 14:08:33.600 START: workQueue.size: 1, waited for: 1323ms, org.apache.isis.core.runtime.services.memento.MementoServiceDefault: #introspectUpTo( TYPE_INTROSPECTED )
2021-04-22 14:08:33.602 END: completed in: 5ms, org.apache.isis.core.runtime.services.ixn.InteractionDtoServiceInternalDefault: #introspectUpTo( TYPE_INTROSPECTED )
2021-04-22 14:08:33.603 START: workQueue.size: 1, waited for: 1326ms, org.apache.isis.core.runtime.services.metrics.MetricsServiceDefault: #introspectUpTo( TYPE_INTROSPECTED )
2021-04-22 14:08:33.605 END: completed in: 5ms, org.apache.isis.core.runtime.services.memento.MementoServiceDefault: #introspectUpTo( TYPE_INTROSPECTED )
2021-04-22 14:08:33.605 START: workQueue.size: 1, waited for: 1328ms, org.apache.isis.core.runtime.services.publish.PublishingServiceInternalDefault: #introspectUpTo( TYPE_INTROSPECTED )
2021-04-22 14:08:33.610 END: completed in: 5ms, org.apache.isis.core.runtime.services.publish.PublishingServiceInternalDefault: #introspectUpTo( TYPE_INTROSPECTED )
2021-04-22 14:08:33.610 START: workQueue.size: 1, waited for: 1333ms, org.apache.isis.core.runtime.services.sessmgmt.SessionManagementServiceDefault: #introspectUpTo( TYPE_INTROSPECTED )
2021-04-22 14:08:33.614 END: completed in: 4ms, org.apache.isis.core.runtime.services.sessmgmt.SessionManagementServiceDefault: #introspectUpTo( TYPE_INTROSPECTED )
2021-04-22 14:08:33.615 START: workQueue.size: 1, waited for: 1337ms, org.apache.isis.core.runtime.services.sudo.SudoServiceDefault: #introspectUpTo( TYPE_INTROSPECTED )
2021-04-22 14:08:33.615 END: completed in: 12ms, org.apache.isis.core.runtime.services.metrics.MetricsServiceDefault: #introspectUpTo( TYPE_INTROSPECTED )
2021-04-22 14:08:33.616 START: workQueue.size: 1, waited for: 1339ms, org.apache.isis.core.runtime.services.userreg.EmailNotificationServiceDefault: #introspectUpTo( TYPE_INTROSPECTED )
2021-04-22 14:08:33.619 END: completed in: 5ms, org.apache.isis.core.runtime.services.sudo.SudoServiceDefault: #introspectUpTo( TYPE_INTROSPECTED )
2021-04-22 14:08:33.620 START: workQueue.size: 1, waited for: 1343ms, org.apache.isis.core.runtime.services.xmlsnapshot.XmlSnapshotServiceDefault: #introspectUpTo( TYPE_INTROSPECTED )
2021-04-22 14:08:33.621 END: completed in: 4ms, org.apache.isis.core.runtime.services.userreg.EmailNotificationServiceDefault: #introspectUpTo( TYPE_INTROSPECTED )
2021-04-22 14:08:33.621 START: workQueue.size: 1, waited for: 1344ms, org.apache.isis.core.wrapper.WrapperFactoryDefault: #introspectUpTo( TYPE_INTROSPECTED )
2021-04-22 14:08:33.625 END: completed in: 5ms, org.apache.isis.core.runtime.services.xmlsnapshot.XmlSnapshotServiceDefault: #introspectUpTo( TYPE_INTROSPECTED )
2021-04-22 14:08:33.625 START: workQueue.size: 1, waited for: 1348ms, org.apache.isis.objectstore.jdo.applib.service.exceprecog.ExceptionRecognizerCompositeForJdoObjectStore: #introspectUpTo( TYPE_INTROSPECTED )
2021-04-22 14:08:33.632 END: completed in: 7ms, org.apache.isis.objectstore.jdo.applib.service.exceprecog.ExceptionRecognizerCompositeForJdoObjectStore: #introspectUpTo( TYPE_INTROSPECTED )
2021-04-22 14:08:33.632 START: workQueue.size: 1, waited for: 1355ms, org.apache.isis.objectstore.jdo.datanucleus.service.support.IsisJdoSupportImpl: #introspectUpTo( TYPE_INTROSPECTED )
2021-04-22 14:08:33.635 END: completed in: 14ms, org.apache.isis.core.wrapper.WrapperFactoryDefault: #introspectUpTo( TYPE_INTROSPECTED )
2021-04-22 14:08:33.635 START: workQueue.size: 1, waited for: 1358ms, org.apache.isis.objectstore.jdo.datanucleus.service.support.TimestampService: #introspectUpTo( TYPE_INTROSPECTED )
2021-04-22 14:08:33.639 END: completed in: 7ms, org.apache.isis.objectstore.jdo.datanucleus.service.support.IsisJdoSupportImpl: #introspectUpTo( TYPE_INTROSPECTED )
2021-04-22 14:08:33.639 START: workQueue.size: 1, waited for: 1362ms, org.apache.isis.schema.services.jaxb.JaxbServiceDefault: #introspectUpTo( TYPE_INTROSPECTED )
2021-04-22 14:08:33.644 END: completed in: 9ms, org.apache.isis.objectstore.jdo.datanucleus.service.support.TimestampService: #introspectUpTo( TYPE_INTROSPECTED )
2021-04-22 14:08:33.645 START: workQueue.size: 1, waited for: 1368ms, org.apache.isis.viewer.restfulobjects.rendering.service.RepresentationServiceContentNegotiator: #introspectUpTo( TYPE_INTROSPECTED )
2021-04-22 14:08:33.654 END: completed in: 14ms, org.apache.isis.schema.services.jaxb.JaxbServiceDefault: #introspectUpTo( TYPE_INTROSPECTED )
2021-04-22 14:08:33.656 START: workQueue.size: 1, waited for: 1379ms, org.apache.isis.viewer.restfulobjects.rendering.service.RepresentationServiceForRestfulObjects: #introspectUpTo( TYPE_INTROSPECTED )
2021-04-22 14:08:33.661 END: completed in: 16ms, org.apache.isis.viewer.restfulobjects.rendering.service.RepresentationServiceContentNegotiator: #introspectUpTo( TYPE_INTROSPECTED )
2021-04-22 14:08:33.662 START: workQueue.size: 1, waited for: 1385ms, org.apache.isis.viewer.restfulobjects.rendering.service.acceptheader.AcceptHeaderServiceForRest: #introspectUpTo( TYPE_INTROSPECTED )
2021-04-22 14:08:33.666 END: completed in: 10ms, org.apache.isis.viewer.restfulobjects.rendering.service.RepresentationServiceForRestfulObjects: #introspectUpTo( TYPE_INTROSPECTED )
2021-04-22 14:08:33.666 START: workQueue.size: 1, waited for: 1389ms, org.apache.isis.viewer.restfulobjects.rendering.service.conneg.ContentNegotiationServiceForRestfulObjectsV1_0: #introspectUpTo( TYPE_INTROSPECTED )
2021-04-22 14:08:33.669 END: completed in: 7ms, org.apache.isis.viewer.restfulobjects.rendering.service.acceptheader.AcceptHeaderServiceForRest: #introspectUpTo( TYPE_INTROSPECTED )
2021-04-22 14:08:33.670 START: workQueue.size: 1, waited for: 1393ms, org.apache.isis.viewer.wicket.viewer.services.BookmarkUiServiceWicket: #introspectUpTo( TYPE_INTROSPECTED )
2021-04-22 14:08:33.672 END: completed in: 6ms, org.apache.isis.viewer.restfulobjects.rendering.service.conneg.ContentNegotiationServiceForRestfulObjectsV1_0: #introspectUpTo( TYPE_INTROSPECTED )
2021-04-22 14:08:33.672 START: workQueue.size: 1, waited for: 1395ms, org.apache.isis.viewer.wicket.viewer.services.DeepLinkServiceWicket: #introspectUpTo( TYPE_INTROSPECTED )
2021-04-22 14:08:33.674 END: completed in: 4ms, org.apache.isis.viewer.wicket.viewer.services.BookmarkUiServiceWicket: #introspectUpTo( TYPE_INTROSPECTED )
2021-04-22 14:08:33.675 START: workQueue.size: 1, waited for: 1397ms, org.apache.isis.viewer.wicket.viewer.services.GuiceBeanProviderWicket: #introspectUpTo( TYPE_INTROSPECTED )
2021-04-22 14:08:33.676 END: completed in: 4ms, org.apache.isis.viewer.wicket.viewer.services.DeepLinkServiceWicket: #introspectUpTo( TYPE_INTROSPECTED )
2021-04-22 14:08:33.676 START: workQueue.size: 1, waited for: 1399ms, org.apache.isis.viewer.wicket.viewer.services.HintStoreUsingWicketSession: #introspectUpTo( TYPE_INTROSPECTED )
2021-04-22 14:08:33.679 END: completed in: 5ms, org.apache.isis.viewer.wicket.viewer.services.GuiceBeanProviderWicket: #introspectUpTo( TYPE_INTROSPECTED )
2021-04-22 14:08:33.679 START: workQueue.size: 1, waited for: 1402ms, org.apache.isis.viewer.wicket.viewer.services.LocaleProviderWicket: #introspectUpTo( TYPE_INTROSPECTED )
2021-04-22 14:08:33.681 END: completed in: 5ms, org.apache.isis.viewer.wicket.viewer.services.HintStoreUsingWicketSession: #introspectUpTo( TYPE_INTROSPECTED )
2021-04-22 14:08:33.682 START: workQueue.size: 1, waited for: 1405ms, org.apache.isis.viewer.wicket.viewer.services.TranslationsResolverWicket: #introspectUpTo( TYPE_INTROSPECTED )
2021-04-22 14:08:33.683 END: completed in: 4ms, org.apache.isis.viewer.wicket.viewer.services.LocaleProviderWicket: #introspectUpTo( TYPE_INTROSPECTED )
2021-04-22 14:08:33.683 START: workQueue.size: 1, waited for: 1406ms, org.apache.isis.core.metamodel.services.jdosupport.Persistable_datanucleusIdLong: #introspectUpTo( TYPE_INTROSPECTED )
2021-04-22 14:08:33.685 END: completed in: 3ms, org.apache.isis.viewer.wicket.viewer.services.TranslationsResolverWicket: #introspectUpTo( TYPE_INTROSPECTED )
2021-04-22 14:08:33.686 START: workQueue.size: 1, waited for: 1409ms, org.apache.isis.applib.services.layout.Object_rebuildMetamodel: #introspectUpTo( TYPE_INTROSPECTED )
2021-04-22 14:08:33.693 END: completed in: 7ms, org.apache.isis.applib.services.layout.Object_rebuildMetamodel: #introspectUpTo( TYPE_INTROSPECTED )
2021-04-22 14:08:33.693 START: workQueue.size: 1, waited for: 1416ms, org.apache.isis.viewer.wicket.viewer.services.Object_clearHints: #introspectUpTo( TYPE_INTROSPECTED )
2021-04-22 14:08:33.700 END: completed in: 16ms, org.apache.isis.core.metamodel.services.jdosupport.Persistable_datanucleusIdLong: #introspectUpTo( TYPE_INTROSPECTED )
2021-04-22 14:08:33.700 START: workQueue.size: 1, waited for: 1423ms, org.apache.isis.applib.services.bookmark.BookmarkHolder_object: #introspectUpTo( TYPE_INTROSPECTED )
2021-04-22 14:08:33.704 END: completed in: 4ms, org.apache.isis.applib.services.bookmark.BookmarkHolder_object: #introspectUpTo( TYPE_INTROSPECTED )
2021-04-22 14:08:33.705 START: workQueue.size: 1, waited for: 1428ms, org.apache.isis.core.metamodel.services.jdosupport.Persistable_datanucleusVersionLong: #introspectUpTo( TYPE_INTROSPECTED )
2021-04-22 14:08:33.709 END: completed in: 4ms, org.apache.isis.core.metamodel.services.jdosupport.Persistable_datanucleusVersionLong: #introspectUpTo( TYPE_INTROSPECTED )
2021-04-22 14:08:33.710 START: workQueue.size: 1, waited for: 1433ms, org.apache.isis.applib.services.dto.Dto_downloadXml: #introspectUpTo( TYPE_INTROSPECTED )
2021-04-22 14:08:33.713 END: completed in: 20ms, org.apache.isis.viewer.wicket.viewer.services.Object_clearHints: #introspectUpTo( TYPE_INTROSPECTED )
2021-04-22 14:08:33.713 START: workQueue.size: 1, waited for: 1436ms, org.apache.isis.core.metamodel.services.jdosupport.Persistable_datanucleusVersionTimestamp: #introspectUpTo( TYPE_INTROSPECTED )
2021-04-22 14:08:33.714 END: completed in: 4ms, org.apache.isis.applib.services.dto.Dto_downloadXml: #introspectUpTo( TYPE_INTROSPECTED )
2021-04-22 14:08:33.714 START: workQueue.size: 1, waited for: 1437ms, org.apache.isis.applib.services.bookmark.BookmarkHolder_lookup: #introspectUpTo( TYPE_INTROSPECTED )
2021-04-22 14:08:33.719 END: completed in: 5ms, org.apache.isis.applib.services.bookmark.BookmarkHolder_lookup: #introspectUpTo( TYPE_INTROSPECTED )
2021-04-22 14:08:33.720 START: workQueue.size: 1, waited for: 1443ms, org.apache.isis.core.metamodel.services.jdosupport.Persistable_downloadJdoMetadata: #introspectUpTo( TYPE_INTROSPECTED )
2021-04-22 14:08:33.725 END: completed in: 5ms, org.apache.isis.core.metamodel.services.jdosupport.Persistable_downloadJdoMetadata: #introspectUpTo( TYPE_INTROSPECTED )
2021-04-22 14:08:33.725 START: workQueue.size: 1, waited for: 1448ms, org.apache.isis.applib.services.layout.Object_openRestApi: #introspectUpTo( TYPE_INTROSPECTED )
2021-04-22 14:08:33.729 END: completed in: 16ms, org.apache.isis.core.metamodel.services.jdosupport.Persistable_datanucleusVersionTimestamp: #introspectUpTo( TYPE_INTROSPECTED )
2021-04-22 14:08:33.729 START: workQueue.size: 1, waited for: 1452ms, org.apache.isis.applib.services.layout.Object_downloadLayoutXml: #introspectUpTo( TYPE_INTROSPECTED )
2021-04-22 14:08:33.730 END: completed in: 5ms, org.apache.isis.applib.services.layout.Object_openRestApi: #introspectUpTo( TYPE_INTROSPECTED )
2021-04-22 14:08:33.730 START: workQueue.size: 1, waited for: 1453ms, org.apache.isis.applib.services.dto.Dto_downloadXsd: #introspectUpTo( TYPE_INTROSPECTED )
2021-04-22 14:08:33.734 END: completed in: 5ms, org.apache.isis.applib.services.layout.Object_downloadLayoutXml: #introspectUpTo( TYPE_INTROSPECTED )
2021-04-22 14:08:33.734 START: workQueue.size: 1, waited for: 1457ms, java.lang.String: #introspectUpTo( TYPE_INTROSPECTED )
2021-04-22 14:08:33.736 END: completed in: 6ms, org.apache.isis.applib.services.dto.Dto_downloadXsd: #introspectUpTo( TYPE_INTROSPECTED )
2021-04-22 14:08:33.736 START: workQueue.size: 1, waited for: 1459ms, byte: #introspectUpTo( TYPE_INTROSPECTED )
2021-04-22 14:08:33.768 END: completed in: 31ms, byte: #introspectUpTo( TYPE_INTROSPECTED )
2021-04-22 14:08:33.769 START: workQueue.size: 1, waited for: 1491ms, java.lang.Byte: #introspectUpTo( TYPE_INTROSPECTED )
2021-04-22 14:08:33.807 END: completed in: 39ms, java.lang.Byte: #introspectUpTo( TYPE_INTROSPECTED )
2021-04-22 14:08:33.808 START: workQueue.size: 1, waited for: 1531ms, short: #introspectUpTo( TYPE_INTROSPECTED )
2021-04-22 14:08:33.810 END: completed in: 2ms, short: #introspectUpTo( TYPE_INTROSPECTED )
2021-04-22 14:08:33.810 START: workQueue.size: 1, waited for: 1533ms, java.lang.Short: #introspectUpTo( TYPE_INTROSPECTED )
2021-04-22 14:08:33.821 END: completed in: 11ms, java.lang.Short: #introspectUpTo( TYPE_INTROSPECTED )
2021-04-22 14:08:33.822 START: workQueue.size: 1, waited for: 1545ms, int: #introspectUpTo( TYPE_INTROSPECTED )
2021-04-22 14:08:33.825 END: completed in: 2ms, int: #introspectUpTo( TYPE_INTROSPECTED )
2021-04-22 14:08:33.826 START: workQueue.size: 1, waited for: 1548ms, java.lang.Integer: #introspectUpTo( TYPE_INTROSPECTED )
2021-04-22 14:08:33.846 END: completed in: 21ms, java.lang.Integer: #introspectUpTo( TYPE_INTROSPECTED )
2021-04-22 14:08:33.847 START: workQueue.size: 1, waited for: 1569ms, long: #introspectUpTo( TYPE_INTROSPECTED )
2021-04-22 14:08:33.849 END: completed in: 3ms, long: #introspectUpTo( TYPE_INTROSPECTED )
2021-04-22 14:08:33.851 START: workQueue.size: 1, waited for: 1574ms, java.lang.Long: #introspectUpTo( TYPE_INTROSPECTED )
2021-04-22 14:08:33.858 END: completed in: 124ms, java.lang.String: #introspectUpTo( TYPE_INTROSPECTED )
2021-04-22 14:08:33.862 START: workQueue.size: 1, waited for: 1585ms, char: #introspectUpTo( TYPE_INTROSPECTED )
2021-04-22 14:08:33.887 END: completed in: 36ms, java.lang.Long: #introspectUpTo( TYPE_INTROSPECTED )
2021-04-22 14:08:33.887 START: workQueue.size: 1, waited for: 1610ms, java.lang.Character: #introspectUpTo( TYPE_INTROSPECTED )
2021-04-22 14:08:33.890 END: completed in: 28ms, char: #introspectUpTo( TYPE_INTROSPECTED )
2021-04-22 14:08:33.891 START: workQueue.size: 1, waited for: 1614ms, boolean: #introspectUpTo( TYPE_INTROSPECTED )
2021-04-22 14:08:33.893 END: completed in: 2ms, boolean: #introspectUpTo( TYPE_INTROSPECTED )
2021-04-22 14:08:33.893 START: workQueue.size: 1, waited for: 1616ms, java.lang.Boolean: #introspectUpTo( TYPE_INTROSPECTED )
2021-04-22 14:08:33.922 END: completed in: 29ms, java.lang.Boolean: #introspectUpTo( TYPE_INTROSPECTED )
2021-04-22 14:08:33.923 START: workQueue.size: 1, waited for: 1646ms, float: #introspectUpTo( TYPE_INTROSPECTED )
2021-04-22 14:08:33.925 END: completed in: 2ms, float: #introspectUpTo( TYPE_INTROSPECTED )
2021-04-22 14:08:33.925 START: workQueue.size: 1, waited for: 1648ms, java.lang.Float: #introspectUpTo( TYPE_INTROSPECTED )
2021-04-22 14:08:33.938 END: completed in: 51ms, java.lang.Character: #introspectUpTo( TYPE_INTROSPECTED )
2021-04-22 14:08:33.938 START: workQueue.size: 1, waited for: 1661ms, double: #introspectUpTo( TYPE_INTROSPECTED )
2021-04-22 14:08:33.940 END: completed in: 2ms, double: #introspectUpTo( TYPE_INTROSPECTED )
2021-04-22 14:08:33.940 START: workQueue.size: 1, waited for: 1663ms, java.lang.Double: #introspectUpTo( TYPE_INTROSPECTED )
2021-04-22 14:08:33.961 END: completed in: 20ms, java.lang.Double: #introspectUpTo( TYPE_INTROSPECTED )
2021-04-22 14:08:33.961 START: workQueue.size: 1, waited for: 1684ms, java.math.BigInteger: #introspectUpTo( TYPE_INTROSPECTED )
2021-04-22 14:08:33.972 END: completed in: 47ms, java.lang.Float: #introspectUpTo( TYPE_INTROSPECTED )
2021-04-22 14:08:33.972 START: workQueue.size: 1, waited for: 1695ms, java.math.BigDecimal: #introspectUpTo( TYPE_INTROSPECTED )
2021-04-22 14:08:33.992 END: completed in: 31ms, java.math.BigInteger: #introspectUpTo( TYPE_INTROSPECTED )
2021-04-22 14:08:33.993 START: workQueue.size: 1, waited for: 1716ms, org.joda.time.DateTime: #introspectUpTo( TYPE_INTROSPECTED )
2021-04-22 14:08:34.008 END: completed in: 36ms, java.math.BigDecimal: #introspectUpTo( TYPE_INTROSPECTED )
2021-04-22 14:08:34.008 START: workQueue.size: 1, waited for: 1731ms, org.joda.time.LocalDateTime: #introspectUpTo( TYPE_INTROSPECTED )
2021-04-22 14:08:34.121 END: completed in: 128ms, org.joda.time.DateTime: #introspectUpTo( TYPE_INTROSPECTED )
2021-04-22 14:08:34.121 START: workQueue.size: 1, waited for: 1844ms, org.joda.time.LocalDate: #introspectUpTo( TYPE_INTROSPECTED )
2021-04-22 14:08:34.124 END: completed in: 116ms, org.joda.time.LocalDateTime: #introspectUpTo( TYPE_INTROSPECTED )
2021-04-22 14:08:34.124 START: workQueue.size: 1, waited for: 1847ms, org.joda.time.LocalTime: #introspectUpTo( TYPE_INTROSPECTED )
2021-04-22 14:08:34.181 END: completed in: 57ms, org.joda.time.LocalTime: #introspectUpTo( TYPE_INTROSPECTED )
2021-04-22 14:08:34.182 START: workQueue.size: 1, waited for: 1905ms, java.sql.Timestamp: #introspectUpTo( TYPE_INTROSPECTED )
2021-04-22 14:08:34.205 END: completed in: 23ms, java.sql.Timestamp: #introspectUpTo( TYPE_INTROSPECTED )
2021-04-22 14:08:34.205 END: completed in: 84ms, org.joda.time.LocalDate: #introspectUpTo( TYPE_INTROSPECTED )
2021-04-22 14:08:34.205 START: workQueue.size: 1, waited for: 1928ms, org.apache.isis.applib.value.Blob: #introspectUpTo( TYPE_INTROSPECTED )
2021-04-22 14:08:34.206 START: workQueue.size: 1, waited for: 1928ms, org.apache.isis.applib.value.Clob: #introspectUpTo( TYPE_INTROSPECTED )
2021-04-22 14:08:34.209 END: completed in: 4ms, org.apache.isis.applib.value.Clob: #introspectUpTo( TYPE_INTROSPECTED )
2021-04-22 14:08:34.210 START: workQueue.size: 1, waited for: 1933ms, domainapp.application.services.homepage.HomePageViewModel: #introspectUpTo( TYPE_INTROSPECTED )
2021-04-22 14:08:34.213 END: completed in: 8ms, org.apache.isis.applib.value.Blob: #introspectUpTo( TYPE_INTROSPECTED )
2021-04-22 14:08:34.213 START: workQueue.size: 1, waited for: 1936ms, org.apache.isis.applib.domain.DomainObjectList: #introspectUpTo( TYPE_INTROSPECTED )
2021-04-22 14:08:34.226 END: completed in: 16ms, domainapp.application.services.homepage.HomePageViewModel: #introspectUpTo( TYPE_INTROSPECTED )
2021-04-22 14:08:34.226 START: workQueue.size: 1, waited for: 1949ms, org.apache.isis.applib.services.config.ConfigurationProperty: #introspectUpTo( TYPE_INTROSPECTED )
2021-04-22 14:08:34.242 END: completed in: 29ms, org.apache.isis.applib.domain.DomainObjectList: #introspectUpTo( TYPE_INTROSPECTED )
2021-04-22 14:08:34.243 START: workQueue.size: 1, waited for: 1966ms, org.apache.isis.applib.fixturescripts.FixtureResult: #introspectUpTo( TYPE_INTROSPECTED )
2021-04-22 14:08:34.247 END: completed in: 21ms, org.apache.isis.applib.services.config.ConfigurationProperty: #introspectUpTo( TYPE_INTROSPECTED )
2021-04-22 14:08:34.247 START: workQueue.size: 1, waited for: 1970ms, domainapp.modules.simple.dom.planta.Planta: #introspectUpTo( TYPE_INTROSPECTED )
2021-04-22 14:08:34.251 END: completed in: 8ms, org.apache.isis.applib.fixturescripts.FixtureResult: #introspectUpTo( TYPE_INTROSPECTED )
2021-04-22 14:08:34.251 START: workQueue.size: 1, waited for: 1974ms, org.apache.isis.objectstore.jdo.applib.service.DomainChangeJdoAbstract: #introspectUpTo( TYPE_INTROSPECTED )
2021-04-22 14:08:34.267 END: completed in: 16ms, org.apache.isis.objectstore.jdo.applib.service.DomainChangeJdoAbstract: #introspectUpTo( TYPE_INTROSPECTED )
2021-04-22 14:08:34.267 START: workQueue.size: 1, waited for: 1990ms, domainapp.modules.simple.dom.impl.SimpleObject: #introspectUpTo( TYPE_INTROSPECTED )
2021-04-22 14:08:34.274 END: completed in: 27ms, domainapp.modules.simple.dom.planta.Planta: #introspectUpTo( TYPE_INTROSPECTED )
2021-04-22 14:08:34.275 START: workQueue.size: 1, waited for: 1998ms, domainapp.modules.simple.dom.equipo.Equipo: #introspectUpTo( TYPE_INTROSPECTED )
2021-04-22 14:08:34.294 END: completed in: 19ms, domainapp.modules.simple.dom.equipo.Equipo: #introspectUpTo( TYPE_INTROSPECTED )
2021-04-22 14:08:34.295 START: workQueue.size: 1, waited for: 2017ms, org.apache.isis.applib.fixturescripts.SimpleFixtureScript: #introspectUpTo( TYPE_INTROSPECTED )
2021-04-22 14:08:34.302 END: completed in: 35ms, domainapp.modules.simple.dom.impl.SimpleObject: #introspectUpTo( TYPE_INTROSPECTED )
2021-04-22 14:08:34.303 START: workQueue.size: 1, waited for: 2025ms, org.apache.isis.applib.fixturescripts.FixtureScript: #introspectUpTo( TYPE_INTROSPECTED )
2021-04-22 14:08:34.327 END: completed in: 25ms, org.apache.isis.applib.fixturescripts.FixtureScript: #introspectUpTo( TYPE_INTROSPECTED )
2021-04-22 14:08:34.327 START: workQueue.size: 1, waited for: 2050ms, org.apache.isis.applib.fixturescripts.SimpleFixtureScript: #introspectUpTo( TYPE_INTROSPECTED )
2021-04-22 14:08:34.327 END: completed in: 0ms, org.apache.isis.applib.fixturescripts.SimpleFixtureScript: #introspectUpTo( TYPE_INTROSPECTED )
2021-04-22 14:08:34.328 START: workQueue.size: 1, waited for: 2051ms, org.apache.isis.applib.fixturescripts.FixtureResult: #introspectUpTo( TYPE_INTROSPECTED )
2021-04-22 14:08:34.328 END: completed in: 0ms, org.apache.isis.applib.fixturescripts.FixtureResult: #introspectUpTo( TYPE_INTROSPECTED )
2021-04-22 14:08:34.328 START: workQueue.size: 1, waited for: 2051ms, org.apache.isis.applib.fixturescripts.DiscoverableFixtureScript: #introspectUpTo( TYPE_INTROSPECTED )
2021-04-22 14:08:34.336 END: completed in: 42ms, org.apache.isis.applib.fixturescripts.SimpleFixtureScript: #introspectUpTo( TYPE_INTROSPECTED )
2021-04-22 14:08:34.337 START: workQueue.size: 1, waited for: 2060ms, domainapp.application.fixture.scenarios.DomainAppDemo: #introspectUpTo( TYPE_INTROSPECTED )
2021-04-22 14:08:34.345 END: completed in: 8ms, domainapp.application.fixture.scenarios.DomainAppDemo: #introspectUpTo( TYPE_INTROSPECTED )
2021-04-22 14:08:34.346 END: completed in: 18ms, org.apache.isis.applib.fixturescripts.DiscoverableFixtureScript: #introspectUpTo( TYPE_INTROSPECTED )
2021-04-22 14:08:34.346 join'ing 152 tasks: waited 0 milliseconds 
2021-04-22 14:08:34.351 START: workQueue.size: 0, waited for: 4ms, org.apache.isis.core.runtime.system.session.IsisSessionFactory: #introspectUpTo( TYPE_AND_MEMBERS_INTROSPECTED )
2021-04-22 14:08:34.355 START: workQueue.size: 0, waited for: 8ms, org.apache.isis.core.runtime.system.persistence.PersistenceSessionFactory: #introspectUpTo( TYPE_AND_MEMBERS_INTROSPECTED )
2021-04-22 14:08:34.382 END: completed in: 27ms, org.apache.isis.core.runtime.system.persistence.PersistenceSessionFactory: #introspectUpTo( TYPE_AND_MEMBERS_INTROSPECTED )
2021-04-22 14:08:34.382 START: workQueue.size: 0, waited for: 35ms, org.apache.isis.core.metamodel.specloader.SpecificationLoader: #introspectUpTo( TYPE_AND_MEMBERS_INTROSPECTED )
2021-04-22 14:08:34.383 END: completed in: 1ms, org.apache.isis.core.metamodel.specloader.SpecificationLoader: #introspectUpTo( TYPE_AND_MEMBERS_INTROSPECTED )
2021-04-22 14:08:34.383 START: workQueue.size: 0, waited for: 36ms, org.apache.isis.core.runtime.authorization.standard.AuthorizationManagerStandard: #introspectUpTo( TYPE_AND_MEMBERS_INTROSPECTED )
2021-04-22 14:08:34.383 END: completed in: 0ms, org.apache.isis.core.runtime.authorization.standard.AuthorizationManagerStandard: #introspectUpTo( TYPE_AND_MEMBERS_INTROSPECTED )
2021-04-22 14:08:34.384 START: workQueue.size: 0, waited for: 36ms, org.apache.isis.core.runtime.authentication.standard.AuthenticationManagerStandard: #introspectUpTo( TYPE_AND_MEMBERS_INTROSPECTED )
2021-04-22 14:08:34.384 END: completed in: 1ms, org.apache.isis.core.runtime.authentication.standard.AuthenticationManagerStandard: #introspectUpTo( TYPE_AND_MEMBERS_INTROSPECTED )
2021-04-22 14:08:34.384 START: workQueue.size: 0, waited for: 37ms, org.apache.isis.core.commons.config.IsisConfigurationDefault: #introspectUpTo( TYPE_AND_MEMBERS_INTROSPECTED )
2021-04-22 14:08:34.385 END: completed in: 1ms, org.apache.isis.core.commons.config.IsisConfigurationDefault: #introspectUpTo( TYPE_AND_MEMBERS_INTROSPECTED )
2021-04-22 14:08:34.385 START: workQueue.size: 0, waited for: 38ms, org.apache.isis.core.runtime.services.deplcat.DeploymentCategoryProviderDefault: #introspectUpTo( TYPE_AND_MEMBERS_INTROSPECTED )
2021-04-22 14:08:34.385 END: completed in: 0ms, org.apache.isis.core.runtime.services.deplcat.DeploymentCategoryProviderDefault: #introspectUpTo( TYPE_AND_MEMBERS_INTROSPECTED )
2021-04-22 14:08:34.385 START: workQueue.size: 0, waited for: 38ms, org.apache.isis.objectstore.jdo.datanucleus.service.eventbus.EventBusServiceJdo: #introspectUpTo( TYPE_AND_MEMBERS_INTROSPECTED )
2021-04-22 14:08:34.386 END: completed in: 1ms, org.apache.isis.objectstore.jdo.datanucleus.service.eventbus.EventBusServiceJdo: #introspectUpTo( TYPE_AND_MEMBERS_INTROSPECTED )
2021-04-22 14:08:34.386 START: workQueue.size: 0, waited for: 39ms, org.apache.isis.applib.services.queryresultscache.QueryResultsCache$Control: #introspectUpTo( TYPE_AND_MEMBERS_INTROSPECTED )
2021-04-22 14:08:34.386 END: completed in: 0ms, org.apache.isis.applib.services.queryresultscache.QueryResultsCache$Control: #introspectUpTo( TYPE_AND_MEMBERS_INTROSPECTED )
2021-04-22 14:08:34.387 START: workQueue.size: 0, waited for: 39ms, domainapp.modules.simple.dom.equipo.EquipoRepositorio: #introspectUpTo( TYPE_AND_MEMBERS_INTROSPECTED )
2021-04-22 14:08:34.389 END: completed in: 38ms, org.apache.isis.core.runtime.system.session.IsisSessionFactory: #introspectUpTo( TYPE_AND_MEMBERS_INTROSPECTED )
2021-04-22 14:08:34.389 START: workQueue.size: 0, waited for: 42ms, domainapp.modules.simple.dom.impl.SimpleObjects: #introspectUpTo( TYPE_AND_MEMBERS_INTROSPECTED )
2021-04-22 14:08:34.575 END: completed in: 186ms, domainapp.modules.simple.dom.impl.SimpleObjects: #introspectUpTo( TYPE_AND_MEMBERS_INTROSPECTED )
2021-04-22 14:08:34.575 START: workQueue.size: 0, waited for: 228ms, domainapp.modules.simple.dom.planta.PlantaRepositorio: #introspectUpTo( TYPE_AND_MEMBERS_INTROSPECTED )
2021-04-22 14:08:34.614 END: completed in: 228ms, domainapp.modules.simple.dom.equipo.EquipoRepositorio: #introspectUpTo( TYPE_AND_MEMBERS_INTROSPECTED )
2021-04-22 14:08:34.614 START: workQueue.size: 0, waited for: 267ms, org.apache.isis.applib.services.fixturespec.FixtureScriptsDefault: #introspectUpTo( TYPE_AND_MEMBERS_INTROSPECTED )
2021-04-22 14:08:34.623 END: completed in: 48ms, domainapp.modules.simple.dom.planta.PlantaRepositorio: #introspectUpTo( TYPE_AND_MEMBERS_INTROSPECTED )
2021-04-22 14:08:34.624 START: workQueue.size: 0, waited for: 277ms, org.apache.isis.applib.services.layout.LayoutServiceMenu: #introspectUpTo( TYPE_AND_MEMBERS_INTROSPECTED )
2021-04-22 14:08:34.658 END: completed in: 34ms, org.apache.isis.applib.services.layout.LayoutServiceMenu: #introspectUpTo( TYPE_AND_MEMBERS_INTROSPECTED )
2021-04-22 14:08:34.658 START: workQueue.size: 0, waited for: 311ms, org.apache.isis.applib.services.metamodel.MetaModelServicesMenu: #introspectUpTo( TYPE_AND_MEMBERS_INTROSPECTED )
2021-04-22 14:08:34.658 END: completed in: 44ms, org.apache.isis.applib.services.fixturespec.FixtureScriptsDefault: #introspectUpTo( TYPE_AND_MEMBERS_INTROSPECTED )
2021-04-22 14:08:34.658 START: workQueue.size: 0, waited for: 311ms, org.apache.isis.applib.services.swagger.SwaggerServiceMenu: #introspectUpTo( TYPE_AND_MEMBERS_INTROSPECTED )
2021-04-22 14:08:34.694 END: completed in: 36ms, org.apache.isis.applib.services.swagger.SwaggerServiceMenu: #introspectUpTo( TYPE_AND_MEMBERS_INTROSPECTED )
2021-04-22 14:08:34.694 START: workQueue.size: 0, waited for: 347ms, org.apache.isis.core.runtime.services.i18n.po.TranslationServicePoMenu: #introspectUpTo( TYPE_AND_MEMBERS_INTROSPECTED )
2021-04-22 14:08:34.696 END: completed in: 38ms, org.apache.isis.applib.services.metamodel.MetaModelServicesMenu: #introspectUpTo( TYPE_AND_MEMBERS_INTROSPECTED )
2021-04-22 14:08:34.696 START: workQueue.size: 0, waited for: 349ms, org.apache.isis.applib.services.hsqldb.HsqlDbManagerMenu: #introspectUpTo( TYPE_AND_MEMBERS_INTROSPECTED )
2021-04-22 14:08:34.699 END: completed in: 3ms, org.apache.isis.applib.services.hsqldb.HsqlDbManagerMenu: #introspectUpTo( TYPE_AND_MEMBERS_INTROSPECTED )
2021-04-22 14:08:34.699 START: workQueue.size: 0, waited for: 352ms, org.apache.isis.applib.services.config.ConfigurationServiceMenu: #introspectUpTo( TYPE_AND_MEMBERS_INTROSPECTED )
2021-04-22 14:08:34.708 END: completed in: 14ms, org.apache.isis.core.runtime.services.i18n.po.TranslationServicePoMenu: #introspectUpTo( TYPE_AND_MEMBERS_INTROSPECTED )
2021-04-22 14:08:34.708 START: workQueue.size: 0, waited for: 361ms, org.apache.isis.applib.conmap.ContentMappingServiceForCommandDto$CopyOverFromCommand: #introspectUpTo( TYPE_AND_MEMBERS_INTROSPECTED )
2021-04-22 14:08:34.709 END: completed in: 1ms, org.apache.isis.applib.conmap.ContentMappingServiceForCommandDto$CopyOverFromCommand: #introspectUpTo( TYPE_AND_MEMBERS_INTROSPECTED )
2021-04-22 14:08:34.709 START: workQueue.size: 0, waited for: 362ms, domainapp.application.fixture.DomainAppFixtureScriptsSpecificationProvider: #introspectUpTo( TYPE_AND_MEMBERS_INTROSPECTED )
2021-04-22 14:08:34.709 END: completed in: 0ms, domainapp.application.fixture.DomainAppFixtureScriptsSpecificationProvider: #introspectUpTo( TYPE_AND_MEMBERS_INTROSPECTED )
2021-04-22 14:08:34.709 START: workQueue.size: 0, waited for: 362ms, domainapp.application.services.health.HealthCheckServiceImpl: #introspectUpTo( TYPE_AND_MEMBERS_INTROSPECTED )
2021-04-22 14:08:34.710 END: completed in: 1ms, domainapp.application.services.health.HealthCheckServiceImpl: #introspectUpTo( TYPE_AND_MEMBERS_INTROSPECTED )
2021-04-22 14:08:34.710 START: workQueue.size: 0, waited for: 363ms, domainapp.application.services.homepage.HomePageService: #introspectUpTo( TYPE_AND_MEMBERS_INTROSPECTED )
2021-04-22 14:08:34.716 END: completed in: 6ms, domainapp.application.services.homepage.HomePageService: #introspectUpTo( TYPE_AND_MEMBERS_INTROSPECTED )
2021-04-22 14:08:34.716 START: workQueue.size: 0, waited for: 369ms, org.apache.isis.applib.services.dto.DtoMappingHelper: #introspectUpTo( TYPE_AND_MEMBERS_INTROSPECTED )
2021-04-22 14:08:34.716 END: completed in: 0ms, org.apache.isis.applib.services.dto.DtoMappingHelper: #introspectUpTo( TYPE_AND_MEMBERS_INTROSPECTED )
2021-04-22 14:08:34.716 START: workQueue.size: 0, waited for: 369ms, org.apache.isis.core.runtime.services.background.CommandExecutorServiceDefault: #introspectUpTo( TYPE_AND_MEMBERS_INTROSPECTED )
2021-04-22 14:08:34.717 END: completed in: 1ms, org.apache.isis.core.runtime.services.background.CommandExecutorServiceDefault: #introspectUpTo( TYPE_AND_MEMBERS_INTROSPECTED )
2021-04-22 14:08:34.717 START: workQueue.size: 0, waited for: 370ms, org.apache.isis.core.runtime.services.menubars.MenuBarsLoaderServiceDefault: #introspectUpTo( TYPE_AND_MEMBERS_INTROSPECTED )
2021-04-22 14:08:34.717 END: completed in: 0ms, org.apache.isis.core.runtime.services.menubars.MenuBarsLoaderServiceDefault: #introspectUpTo( TYPE_AND_MEMBERS_INTROSPECTED )
2021-04-22 14:08:34.717 START: workQueue.size: 0, waited for: 370ms, org.apache.isis.core.runtime.services.menubars.bootstrap3.MenuBarsServiceBS3: #introspectUpTo( TYPE_AND_MEMBERS_INTROSPECTED )
2021-04-22 14:08:34.718 END: completed in: 1ms, org.apache.isis.core.runtime.services.menubars.bootstrap3.MenuBarsServiceBS3: #introspectUpTo( TYPE_AND_MEMBERS_INTROSPECTED )
2021-04-22 14:08:34.718 START: workQueue.size: 0, waited for: 371ms, org.apache.isis.core.runtime.services.userprof.UserProfileServiceDefault: #introspectUpTo( TYPE_AND_MEMBERS_INTROSPECTED )
2021-04-22 14:08:34.718 END: completed in: 0ms, org.apache.isis.core.runtime.services.userprof.UserProfileServiceDefault: #introspectUpTo( TYPE_AND_MEMBERS_INTROSPECTED )
2021-04-22 14:08:34.718 START: workQueue.size: 0, waited for: 371ms, org.apache.isis.viewer.restfulobjects.rendering.service.conneg.ContentNegotiationServiceXRoDomainType: #introspectUpTo( TYPE_AND_MEMBERS_INTROSPECTED )
2021-04-22 14:08:34.719 END: completed in: 1ms, org.apache.isis.viewer.restfulobjects.rendering.service.conneg.ContentNegotiationServiceXRoDomainType: #introspectUpTo( TYPE_AND_MEMBERS_INTROSPECTED )
2021-04-22 14:08:34.719 START: workQueue.size: 0, waited for: 372ms, org.apache.isis.viewer.restfulobjects.rendering.service.conneg.ContentNegotiationServiceOrgApacheIsisV1: #introspectUpTo( TYPE_AND_MEMBERS_INTROSPECTED )
2021-04-22 14:08:34.719 END: completed in: 0ms, org.apache.isis.viewer.restfulobjects.rendering.service.conneg.ContentNegotiationServiceOrgApacheIsisV1: #introspectUpTo( TYPE_AND_MEMBERS_INTROSPECTED )
2021-04-22 14:08:34.719 START: workQueue.size: 0, waited for: 372ms, org.apache.isis.core.runtime.services.message.MessageServiceDefault: #introspectUpTo( TYPE_AND_MEMBERS_INTROSPECTED )
2021-04-22 14:08:34.720 END: completed in: 1ms, org.apache.isis.core.runtime.services.message.MessageServiceDefault: #introspectUpTo( TYPE_AND_MEMBERS_INTROSPECTED )
2021-04-22 14:08:34.720 START: workQueue.size: 0, waited for: 373ms, org.apache.isis.core.runtime.services.persistsession.PersistenceSessionServiceInternalDefault: #introspectUpTo( TYPE_AND_MEMBERS_INTROSPECTED )
2021-04-22 14:08:34.720 END: completed in: 0ms, org.apache.isis.core.runtime.services.persistsession.PersistenceSessionServiceInternalDefault: #introspectUpTo( TYPE_AND_MEMBERS_INTROSPECTED )
2021-04-22 14:08:34.720 START: workQueue.size: 0, waited for: 373ms, org.apache.isis.applib.annotation.Bulk$InteractionContext: #introspectUpTo( TYPE_AND_MEMBERS_INTROSPECTED )
2021-04-22 14:08:34.721 END: completed in: 1ms, org.apache.isis.applib.annotation.Bulk$InteractionContext: #introspectUpTo( TYPE_AND_MEMBERS_INTROSPECTED )
2021-04-22 14:08:34.721 START: workQueue.size: 0, waited for: 374ms, org.apache.isis.applib.conmap.ContentMappingServiceForCommandDto: #introspectUpTo( TYPE_AND_MEMBERS_INTROSPECTED )
2021-04-22 14:08:34.721 END: completed in: 0ms, org.apache.isis.applib.conmap.ContentMappingServiceForCommandDto: #introspectUpTo( TYPE_AND_MEMBERS_INTROSPECTED )
2021-04-22 14:08:34.721 START: workQueue.size: 0, waited for: 374ms, org.apache.isis.applib.conmap.ContentMappingServiceForCommandsDto: #introspectUpTo( TYPE_AND_MEMBERS_INTROSPECTED )
2021-04-22 14:08:34.721 END: completed in: 0ms, org.apache.isis.applib.conmap.ContentMappingServiceForCommandsDto: #introspectUpTo( TYPE_AND_MEMBERS_INTROSPECTED )
2021-04-22 14:08:34.722 START: workQueue.size: 0, waited for: 375ms, org.apache.isis.applib.fixturescripts.ExecutionParametersService: #introspectUpTo( TYPE_AND_MEMBERS_INTROSPECTED )
2021-04-22 14:08:34.722 END: completed in: 0ms, org.apache.isis.applib.fixturescripts.ExecutionParametersService: #introspectUpTo( TYPE_AND_MEMBERS_INTROSPECTED )
2021-04-22 14:08:34.722 START: workQueue.size: 0, waited for: 375ms, org.apache.isis.applib.services.actinvoc.ActionInvocationContext: #introspectUpTo( TYPE_AND_MEMBERS_INTROSPECTED )
2021-04-22 14:08:34.723 END: completed in: 0ms, org.apache.isis.applib.services.actinvoc.ActionInvocationContext: #introspectUpTo( TYPE_AND_MEMBERS_INTROSPECTED )
2021-04-22 14:08:34.723 START: workQueue.size: 0, waited for: 376ms, org.apache.isis.applib.services.audit.AuditerServiceLogging: #introspectUpTo( TYPE_AND_MEMBERS_INTROSPECTED )
2021-04-22 14:08:34.723 END: completed in: 0ms, org.apache.isis.applib.services.audit.AuditerServiceLogging: #introspectUpTo( TYPE_AND_MEMBERS_INTROSPECTED )
2021-04-22 14:08:34.723 START: workQueue.size: 0, waited for: 376ms, org.apache.isis.applib.services.classdiscovery.ClassDiscoveryServiceUsingReflections: #introspectUpTo( TYPE_AND_MEMBERS_INTROSPECTED )
2021-04-22 14:08:34.723 END: completed in: 24ms, org.apache.isis.applib.services.config.ConfigurationServiceMenu: #introspectUpTo( TYPE_AND_MEMBERS_INTROSPECTED )
2021-04-22 14:08:34.723 START: workQueue.size: 0, waited for: 376ms, org.apache.isis.applib.services.clock.ClockService: #introspectUpTo( TYPE_AND_MEMBERS_INTROSPECTED )
2021-04-22 14:08:34.723 END: completed in: 0ms, org.apache.isis.applib.services.classdiscovery.ClassDiscoveryServiceUsingReflections: #introspectUpTo( TYPE_AND_MEMBERS_INTROSPECTED )
2021-04-22 14:08:34.724 START: workQueue.size: 0, waited for: 377ms, org.apache.isis.applib.services.command.CommandContext: #introspectUpTo( TYPE_AND_MEMBERS_INTROSPECTED )
2021-04-22 14:08:34.724 END: completed in: 1ms, org.apache.isis.applib.services.clock.ClockService: #introspectUpTo( TYPE_AND_MEMBERS_INTROSPECTED )
2021-04-22 14:08:34.724 START: workQueue.size: 0, waited for: 377ms, org.apache.isis.applib.services.iactn.InteractionContext: #introspectUpTo( TYPE_AND_MEMBERS_INTROSPECTED )
2021-04-22 14:08:34.724 END: completed in: 0ms, org.apache.isis.applib.services.command.CommandContext: #introspectUpTo( TYPE_AND_MEMBERS_INTROSPECTED )
2021-04-22 14:08:34.724 END: completed in: 0ms, org.apache.isis.applib.services.iactn.InteractionContext: #introspectUpTo( TYPE_AND_MEMBERS_INTROSPECTED )
2021-04-22 14:08:34.724 START: workQueue.size: 0, waited for: 377ms, org.apache.isis.applib.services.publish.PublisherServiceLogging: #introspectUpTo( TYPE_AND_MEMBERS_INTROSPECTED )
2021-04-22 14:08:34.725 END: completed in: 1ms, org.apache.isis.applib.services.publish.PublisherServiceLogging: #introspectUpTo( TYPE_AND_MEMBERS_INTROSPECTED )
2021-04-22 14:08:34.725 START: workQueue.size: 0, waited for: 378ms, org.apache.isis.applib.services.routing.RoutingServiceDefault: #introspectUpTo( TYPE_AND_MEMBERS_INTROSPECTED )
2021-04-22 14:08:34.725 END: completed in: 0ms, org.apache.isis.applib.services.routing.RoutingServiceDefault: #introspectUpTo( TYPE_AND_MEMBERS_INTROSPECTED )
2021-04-22 14:08:34.725 START: workQueue.size: 0, waited for: 378ms, org.apache.isis.applib.services.scratchpad.Scratchpad: #introspectUpTo( TYPE_AND_MEMBERS_INTROSPECTED )
2021-04-22 14:08:34.726 END: completed in: 1ms, org.apache.isis.applib.services.scratchpad.Scratchpad: #introspectUpTo( TYPE_AND_MEMBERS_INTROSPECTED )
2021-04-22 14:08:34.726 START: workQueue.size: 0, waited for: 379ms, org.apache.isis.applib.services.tablecol.TableColumnOrderService$Default: #introspectUpTo( TYPE_AND_MEMBERS_INTROSPECTED )
2021-04-22 14:08:34.726 END: completed in: 0ms, org.apache.isis.applib.services.tablecol.TableColumnOrderService$Default: #introspectUpTo( TYPE_AND_MEMBERS_INTROSPECTED )
2021-04-22 14:08:34.726 START: workQueue.size: 0, waited for: 379ms, org.apache.isis.applib.services.urlencoding.UrlEncodingServiceUsingBaseEncoding: #introspectUpTo( TYPE_AND_MEMBERS_INTROSPECTED )
2021-04-22 14:08:34.727 END: completed in: 1ms, org.apache.isis.applib.services.urlencoding.UrlEncodingServiceUsingBaseEncoding: #introspectUpTo( TYPE_AND_MEMBERS_INTROSPECTED )
2021-04-22 14:08:34.727 START: workQueue.size: 0, waited for: 380ms, org.apache.isis.core.metamodel.services.appfeat.ApplicationFeatureFactory: #introspectUpTo( TYPE_AND_MEMBERS_INTROSPECTED )
2021-04-22 14:08:34.727 END: completed in: 0ms, org.apache.isis.core.metamodel.services.appfeat.ApplicationFeatureFactory: #introspectUpTo( TYPE_AND_MEMBERS_INTROSPECTED )
2021-04-22 14:08:34.727 START: workQueue.size: 0, waited for: 380ms, org.apache.isis.core.metamodel.services.appfeat.ApplicationFeatureRepositoryDefault: #introspectUpTo( TYPE_AND_MEMBERS_INTROSPECTED )
2021-04-22 14:08:34.728 END: completed in: 1ms, org.apache.isis.core.metamodel.services.appfeat.ApplicationFeatureRepositoryDefault: #introspectUpTo( TYPE_AND_MEMBERS_INTROSPECTED )
2021-04-22 14:08:34.728 START: workQueue.size: 0, waited for: 381ms, org.apache.isis.core.metamodel.services.bookmarks.BookmarkServiceInternalDefault: #introspectUpTo( TYPE_AND_MEMBERS_INTROSPECTED )
2021-04-22 14:08:34.728 END: completed in: 0ms, org.apache.isis.core.metamodel.services.bookmarks.BookmarkServiceInternalDefault: #introspectUpTo( TYPE_AND_MEMBERS_INTROSPECTED )
2021-04-22 14:08:34.728 START: workQueue.size: 0, waited for: 381ms, org.apache.isis.core.metamodel.services.config.ConfigurationServiceDefault: #introspectUpTo( TYPE_AND_MEMBERS_INTROSPECTED )
2021-04-22 14:08:34.729 END: completed in: 0ms, org.apache.isis.core.metamodel.services.config.ConfigurationServiceDefault: #introspectUpTo( TYPE_AND_MEMBERS_INTROSPECTED )
2021-04-22 14:08:34.729 START: workQueue.size: 0, waited for: 382ms, org.apache.isis.core.metamodel.services.container.DomainObjectContainerDefault: #introspectUpTo( TYPE_AND_MEMBERS_INTROSPECTED )
2021-04-22 14:08:34.729 END: completed in: 0ms, org.apache.isis.core.metamodel.services.container.DomainObjectContainerDefault: #introspectUpTo( TYPE_AND_MEMBERS_INTROSPECTED )
2021-04-22 14:08:34.729 START: workQueue.size: 0, waited for: 382ms, org.apache.isis.core.metamodel.services.factory.FactoryServiceInternalDefault: #introspectUpTo( TYPE_AND_MEMBERS_INTROSPECTED )
2021-04-22 14:08:34.729 END: completed in: 0ms, org.apache.isis.core.metamodel.services.factory.FactoryServiceInternalDefault: #introspectUpTo( TYPE_AND_MEMBERS_INTROSPECTED )
2021-04-22 14:08:34.730 START: workQueue.size: 0, waited for: 382ms, org.apache.isis.core.metamodel.services.grid.GridLoaderServiceDefault: #introspectUpTo( TYPE_AND_MEMBERS_INTROSPECTED )
2021-04-22 14:08:34.730 END: completed in: 1ms, org.apache.isis.core.metamodel.services.grid.GridLoaderServiceDefault: #introspectUpTo( TYPE_AND_MEMBERS_INTROSPECTED )
2021-04-22 14:08:34.730 START: workQueue.size: 0, waited for: 383ms, org.apache.isis.core.metamodel.services.grid.GridServiceDefault: #introspectUpTo( TYPE_AND_MEMBERS_INTROSPECTED )
2021-04-22 14:08:34.730 END: completed in: 0ms, org.apache.isis.core.metamodel.services.grid.GridServiceDefault: #introspectUpTo( TYPE_AND_MEMBERS_INTROSPECTED )
2021-04-22 14:08:34.730 START: workQueue.size: 0, waited for: 383ms, org.apache.isis.core.metamodel.services.grid.bootstrap3.GridSystemServiceBS3: #introspectUpTo( TYPE_AND_MEMBERS_INTROSPECTED )
2021-04-22 14:08:34.731 END: completed in: 1ms, org.apache.isis.core.metamodel.services.grid.bootstrap3.GridSystemServiceBS3: #introspectUpTo( TYPE_AND_MEMBERS_INTROSPECTED )
2021-04-22 14:08:34.731 START: workQueue.size: 0, waited for: 384ms, org.apache.isis.core.metamodel.services.layout.LayoutServiceDefault: #introspectUpTo( TYPE_AND_MEMBERS_INTROSPECTED )
2021-04-22 14:08:34.731 END: completed in: 0ms, org.apache.isis.core.metamodel.services.layout.LayoutServiceDefault: #introspectUpTo( TYPE_AND_MEMBERS_INTROSPECTED )
2021-04-22 14:08:34.732 START: workQueue.size: 0, waited for: 384ms, org.apache.isis.core.metamodel.services.message.MessageServiceNoop: #introspectUpTo( TYPE_AND_MEMBERS_INTROSPECTED )
2021-04-22 14:08:34.732 END: completed in: 1ms, org.apache.isis.core.metamodel.services.message.MessageServiceNoop: #introspectUpTo( TYPE_AND_MEMBERS_INTROSPECTED )
2021-04-22 14:08:34.732 START: workQueue.size: 0, waited for: 385ms, org.apache.isis.core.metamodel.services.metamodel.MetaModelServiceDefault: #introspectUpTo( TYPE_AND_MEMBERS_INTROSPECTED )
2021-04-22 14:08:34.732 END: completed in: 0ms, org.apache.isis.core.metamodel.services.metamodel.MetaModelServiceDefault: #introspectUpTo( TYPE_AND_MEMBERS_INTROSPECTED )
2021-04-22 14:08:34.732 START: workQueue.size: 0, waited for: 385ms, org.apache.isis.core.metamodel.services.persistsession.PersistenceSessionServiceInternalNoop: #introspectUpTo( TYPE_AND_MEMBERS_INTROSPECTED )
2021-04-22 14:08:34.733 END: completed in: 1ms, org.apache.isis.core.metamodel.services.persistsession.PersistenceSessionServiceInternalNoop: #introspectUpTo( TYPE_AND_MEMBERS_INTROSPECTED )
2021-04-22 14:08:34.733 START: workQueue.size: 0, waited for: 386ms, org.apache.isis.core.metamodel.services.registry.ServiceRegistryDefault: #introspectUpTo( TYPE_AND_MEMBERS_INTROSPECTED )
2021-04-22 14:08:34.733 END: completed in: 0ms, org.apache.isis.core.metamodel.services.registry.ServiceRegistryDefault: #introspectUpTo( TYPE_AND_MEMBERS_INTROSPECTED )
2021-04-22 14:08:34.733 START: workQueue.size: 0, waited for: 386ms, org.apache.isis.core.metamodel.services.repository.RepositoryServiceInternalDefault: #introspectUpTo( TYPE_AND_MEMBERS_INTROSPECTED )
2021-04-22 14:08:34.734 END: completed in: 1ms, org.apache.isis.core.metamodel.services.repository.RepositoryServiceInternalDefault: #introspectUpTo( TYPE_AND_MEMBERS_INTROSPECTED )
2021-04-22 14:08:34.734 START: workQueue.size: 0, waited for: 387ms, org.apache.isis.core.metamodel.services.swagger.SwaggerServiceDefault: #introspectUpTo( TYPE_AND_MEMBERS_INTROSPECTED )
2021-04-22 14:08:34.734 END: completed in: 0ms, org.apache.isis.core.metamodel.services.swagger.SwaggerServiceDefault: #introspectUpTo( TYPE_AND_MEMBERS_INTROSPECTED )
2021-04-22 14:08:34.734 START: workQueue.size: 0, waited for: 387ms, org.apache.isis.core.metamodel.services.title.TitleServiceDefault: #introspectUpTo( TYPE_AND_MEMBERS_INTROSPECTED )
2021-04-22 14:08:34.735 END: completed in: 1ms, org.apache.isis.core.metamodel.services.title.TitleServiceDefault: #introspectUpTo( TYPE_AND_MEMBERS_INTROSPECTED )
2021-04-22 14:08:34.724 START: workQueue.size: 0, waited for: 377ms, org.apache.isis.applib.services.queryresultscache.QueryResultsCache: #introspectUpTo( TYPE_AND_MEMBERS_INTROSPECTED )
2021-04-22 14:08:34.735 START: workQueue.size: 0, waited for: 388ms, org.apache.isis.core.metamodel.services.user.UserServiceDefault: #introspectUpTo( TYPE_AND_MEMBERS_INTROSPECTED )
2021-04-22 14:08:34.735 END: completed in: 11ms, org.apache.isis.applib.services.queryresultscache.QueryResultsCache: #introspectUpTo( TYPE_AND_MEMBERS_INTROSPECTED )
2021-04-22 14:08:34.735 END: completed in: 0ms, org.apache.isis.core.metamodel.services.user.UserServiceDefault: #introspectUpTo( TYPE_AND_MEMBERS_INTROSPECTED )
2021-04-22 14:08:34.735 START: workQueue.size: 0, waited for: 388ms, org.apache.isis.core.metamodel.services.user.UserServiceDefault$SudoServiceSpi: #introspectUpTo( TYPE_AND_MEMBERS_INTROSPECTED )
2021-04-22 14:08:34.736 START: workQueue.size: 0, waited for: 388ms, org.apache.isis.core.metamodel.services.xactn.TransactionServiceDefault: #introspectUpTo( TYPE_AND_MEMBERS_INTROSPECTED )
2021-04-22 14:08:34.736 END: completed in: 1ms, org.apache.isis.core.metamodel.services.user.UserServiceDefault$SudoServiceSpi: #introspectUpTo( TYPE_AND_MEMBERS_INTROSPECTED )
2021-04-22 14:08:34.736 END: completed in: 1ms, org.apache.isis.core.metamodel.services.xactn.TransactionServiceDefault: #introspectUpTo( TYPE_AND_MEMBERS_INTROSPECTED )
2021-04-22 14:08:34.736 START: workQueue.size: 0, waited for: 389ms, org.apache.isis.core.runtime.services.auditing.AuditingServiceInternal: #introspectUpTo( TYPE_AND_MEMBERS_INTROSPECTED )
2021-04-22 14:08:34.736 START: workQueue.size: 0, waited for: 389ms, org.apache.isis.core.runtime.services.authsess.AuthenticationSessionProviderDefault: #introspectUpTo( TYPE_AND_MEMBERS_INTROSPECTED )
2021-04-22 14:08:34.736 END: completed in: 0ms, org.apache.isis.core.runtime.services.auditing.AuditingServiceInternal: #introspectUpTo( TYPE_AND_MEMBERS_INTROSPECTED )
2021-04-22 14:08:34.736 END: completed in: 0ms, org.apache.isis.core.runtime.services.authsess.AuthenticationSessionProviderDefault: #introspectUpTo( TYPE_AND_MEMBERS_INTROSPECTED )
2021-04-22 14:08:34.736 START: workQueue.size: 0, waited for: 389ms, org.apache.isis.core.runtime.services.background.BackgroundServiceDefault: #introspectUpTo( TYPE_AND_MEMBERS_INTROSPECTED )
2021-04-22 14:08:34.736 START: workQueue.size: 0, waited for: 389ms, org.apache.isis.core.runtime.services.changes.ChangedObjectsServiceInternal: #introspectUpTo( TYPE_AND_MEMBERS_INTROSPECTED )
2021-04-22 14:08:34.737 END: completed in: 1ms, org.apache.isis.core.runtime.services.background.BackgroundServiceDefault: #introspectUpTo( TYPE_AND_MEMBERS_INTROSPECTED )
2021-04-22 14:08:34.737 END: completed in: 1ms, org.apache.isis.core.runtime.services.changes.ChangedObjectsServiceInternal: #introspectUpTo( TYPE_AND_MEMBERS_INTROSPECTED )
2021-04-22 14:08:34.737 START: workQueue.size: 0, waited for: 390ms, org.apache.isis.core.runtime.services.command.CommandDtoServiceInternalDefault: #introspectUpTo( TYPE_AND_MEMBERS_INTROSPECTED )
2021-04-22 14:08:34.737 START: workQueue.size: 0, waited for: 390ms, org.apache.isis.core.runtime.services.command.CommandServiceDefault: #introspectUpTo( TYPE_AND_MEMBERS_INTROSPECTED )
2021-04-22 14:08:34.737 END: completed in: 0ms, org.apache.isis.core.runtime.services.command.CommandDtoServiceInternalDefault: #introspectUpTo( TYPE_AND_MEMBERS_INTROSPECTED )
2021-04-22 14:08:34.737 END: completed in: 0ms, org.apache.isis.core.runtime.services.command.CommandServiceDefault: #introspectUpTo( TYPE_AND_MEMBERS_INTROSPECTED )
2021-04-22 14:08:34.737 START: workQueue.size: 0, waited for: 390ms, org.apache.isis.core.runtime.services.email.EmailServiceDefault: #introspectUpTo( TYPE_AND_MEMBERS_INTROSPECTED )
2021-04-22 14:08:34.737 START: workQueue.size: 0, waited for: 390ms, org.apache.isis.core.runtime.services.homepage.HomePageProviderServiceDefault: #introspectUpTo( TYPE_AND_MEMBERS_INTROSPECTED )
2021-04-22 14:08:34.738 END: completed in: 1ms, org.apache.isis.core.runtime.services.email.EmailServiceDefault: #introspectUpTo( TYPE_AND_MEMBERS_INTROSPECTED )
2021-04-22 14:08:34.738 END: completed in: 1ms, org.apache.isis.core.runtime.services.homepage.HomePageProviderServiceDefault: #introspectUpTo( TYPE_AND_MEMBERS_INTROSPECTED )
2021-04-22 14:08:34.738 START: workQueue.size: 0, waited for: 391ms, org.apache.isis.core.runtime.services.i18n.po.TranslationServicePo: #introspectUpTo( TYPE_AND_MEMBERS_INTROSPECTED )
2021-04-22 14:08:34.738 START: workQueue.size: 0, waited for: 391ms, org.apache.isis.core.runtime.services.ixn.InteractionDtoServiceInternalDefault: #introspectUpTo( TYPE_AND_MEMBERS_INTROSPECTED )
2021-04-22 14:08:34.738 END: completed in: 0ms, org.apache.isis.core.runtime.services.i18n.po.TranslationServicePo: #introspectUpTo( TYPE_AND_MEMBERS_INTROSPECTED )
2021-04-22 14:08:34.738 END: completed in: 0ms, org.apache.isis.core.runtime.services.ixn.InteractionDtoServiceInternalDefault: #introspectUpTo( TYPE_AND_MEMBERS_INTROSPECTED )
2021-04-22 14:08:34.738 START: workQueue.size: 0, waited for: 391ms, org.apache.isis.core.runtime.services.memento.MementoServiceDefault: #introspectUpTo( TYPE_AND_MEMBERS_INTROSPECTED )
2021-04-22 14:08:34.738 START: workQueue.size: 0, waited for: 391ms, org.apache.isis.core.runtime.services.metrics.MetricsServiceDefault: #introspectUpTo( TYPE_AND_MEMBERS_INTROSPECTED )
2021-04-22 14:08:34.739 END: completed in: 1ms, org.apache.isis.core.runtime.services.metrics.MetricsServiceDefault: #introspectUpTo( TYPE_AND_MEMBERS_INTROSPECTED )
2021-04-22 14:08:34.739 END: completed in: 1ms, org.apache.isis.core.runtime.services.memento.MementoServiceDefault: #introspectUpTo( TYPE_AND_MEMBERS_INTROSPECTED )
2021-04-22 14:08:34.739 START: workQueue.size: 0, waited for: 392ms, org.apache.isis.core.runtime.services.publish.PublishingServiceInternalDefault: #introspectUpTo( TYPE_AND_MEMBERS_INTROSPECTED )
2021-04-22 14:08:34.739 START: workQueue.size: 0, waited for: 392ms, org.apache.isis.core.runtime.services.sessmgmt.SessionManagementServiceDefault: #introspectUpTo( TYPE_AND_MEMBERS_INTROSPECTED )
2021-04-22 14:08:34.739 END: completed in: 0ms, org.apache.isis.core.runtime.services.publish.PublishingServiceInternalDefault: #introspectUpTo( TYPE_AND_MEMBERS_INTROSPECTED )
2021-04-22 14:08:34.739 END: completed in: 0ms, org.apache.isis.core.runtime.services.sessmgmt.SessionManagementServiceDefault: #introspectUpTo( TYPE_AND_MEMBERS_INTROSPECTED )
2021-04-22 14:08:34.739 START: workQueue.size: 0, waited for: 392ms, org.apache.isis.core.runtime.services.sudo.SudoServiceDefault: #introspectUpTo( TYPE_AND_MEMBERS_INTROSPECTED )
2021-04-22 14:08:34.739 START: workQueue.size: 0, waited for: 392ms, org.apache.isis.core.runtime.services.userreg.EmailNotificationServiceDefault: #introspectUpTo( TYPE_AND_MEMBERS_INTROSPECTED )
2021-04-22 14:08:34.740 END: completed in: 1ms, org.apache.isis.core.runtime.services.sudo.SudoServiceDefault: #introspectUpTo( TYPE_AND_MEMBERS_INTROSPECTED )
2021-04-22 14:08:34.740 END: completed in: 1ms, org.apache.isis.core.runtime.services.userreg.EmailNotificationServiceDefault: #introspectUpTo( TYPE_AND_MEMBERS_INTROSPECTED )
2021-04-22 14:08:34.740 START: workQueue.size: 0, waited for: 393ms, org.apache.isis.core.runtime.services.xmlsnapshot.XmlSnapshotServiceDefault: #introspectUpTo( TYPE_AND_MEMBERS_INTROSPECTED )
2021-04-22 14:08:34.740 START: workQueue.size: 0, waited for: 393ms, org.apache.isis.core.wrapper.WrapperFactoryDefault: #introspectUpTo( TYPE_AND_MEMBERS_INTROSPECTED )
2021-04-22 14:08:34.740 END: completed in: 0ms, org.apache.isis.core.runtime.services.xmlsnapshot.XmlSnapshotServiceDefault: #introspectUpTo( TYPE_AND_MEMBERS_INTROSPECTED )
2021-04-22 14:08:34.740 END: completed in: 0ms, org.apache.isis.core.wrapper.WrapperFactoryDefault: #introspectUpTo( TYPE_AND_MEMBERS_INTROSPECTED )
2021-04-22 14:08:34.740 START: workQueue.size: 0, waited for: 393ms, org.apache.isis.objectstore.jdo.datanucleus.service.support.IsisJdoSupportImpl: #introspectUpTo( TYPE_AND_MEMBERS_INTROSPECTED )
2021-04-22 14:08:34.740 START: workQueue.size: 0, waited for: 393ms, org.apache.isis.objectstore.jdo.applib.service.exceprecog.ExceptionRecognizerCompositeForJdoObjectStore: #introspectUpTo( TYPE_AND_MEMBERS_INTROSPECTED )
2021-04-22 14:08:34.741 END: completed in: 1ms, org.apache.isis.objectstore.jdo.datanucleus.service.support.IsisJdoSupportImpl: #introspectUpTo( TYPE_AND_MEMBERS_INTROSPECTED )
2021-04-22 14:08:34.741 END: completed in: 1ms, org.apache.isis.objectstore.jdo.applib.service.exceprecog.ExceptionRecognizerCompositeForJdoObjectStore: #introspectUpTo( TYPE_AND_MEMBERS_INTROSPECTED )
2021-04-22 14:08:34.741 START: workQueue.size: 0, waited for: 394ms, org.apache.isis.objectstore.jdo.datanucleus.service.support.TimestampService: #introspectUpTo( TYPE_AND_MEMBERS_INTROSPECTED )
2021-04-22 14:08:34.741 START: workQueue.size: 0, waited for: 394ms, org.apache.isis.schema.services.jaxb.JaxbServiceDefault: #introspectUpTo( TYPE_AND_MEMBERS_INTROSPECTED )
2021-04-22 14:08:34.741 END: completed in: 0ms, org.apache.isis.objectstore.jdo.datanucleus.service.support.TimestampService: #introspectUpTo( TYPE_AND_MEMBERS_INTROSPECTED )
2021-04-22 14:08:34.741 END: completed in: 0ms, org.apache.isis.schema.services.jaxb.JaxbServiceDefault: #introspectUpTo( TYPE_AND_MEMBERS_INTROSPECTED )
2021-04-22 14:08:34.741 START: workQueue.size: 0, waited for: 394ms, org.apache.isis.viewer.restfulobjects.rendering.service.RepresentationServiceContentNegotiator: #introspectUpTo( TYPE_AND_MEMBERS_INTROSPECTED )
2021-04-22 14:08:34.741 START: workQueue.size: 0, waited for: 394ms, org.apache.isis.viewer.restfulobjects.rendering.service.RepresentationServiceForRestfulObjects: #introspectUpTo( TYPE_AND_MEMBERS_INTROSPECTED )
2021-04-22 14:08:34.742 END: completed in: 0ms, org.apache.isis.viewer.restfulobjects.rendering.service.RepresentationServiceContentNegotiator: #introspectUpTo( TYPE_AND_MEMBERS_INTROSPECTED )
2021-04-22 14:08:34.742 END: completed in: 1ms, org.apache.isis.viewer.restfulobjects.rendering.service.RepresentationServiceForRestfulObjects: #introspectUpTo( TYPE_AND_MEMBERS_INTROSPECTED )
2021-04-22 14:08:34.742 START: workQueue.size: 0, waited for: 395ms, org.apache.isis.viewer.restfulobjects.rendering.service.conneg.ContentNegotiationServiceForRestfulObjectsV1_0: #introspectUpTo( TYPE_AND_MEMBERS_INTROSPECTED )
2021-04-22 14:08:34.742 END: completed in: 0ms, org.apache.isis.viewer.restfulobjects.rendering.service.conneg.ContentNegotiationServiceForRestfulObjectsV1_0: #introspectUpTo( TYPE_AND_MEMBERS_INTROSPECTED )
2021-04-22 14:08:34.742 START: workQueue.size: 0, waited for: 395ms, org.apache.isis.viewer.wicket.viewer.services.BookmarkUiServiceWicket: #introspectUpTo( TYPE_AND_MEMBERS_INTROSPECTED )
2021-04-22 14:08:34.743 END: completed in: 0ms, org.apache.isis.viewer.wicket.viewer.services.BookmarkUiServiceWicket: #introspectUpTo( TYPE_AND_MEMBERS_INTROSPECTED )
2021-04-22 14:08:34.743 START: workQueue.size: 0, waited for: 396ms, org.apache.isis.viewer.wicket.viewer.services.DeepLinkServiceWicket: #introspectUpTo( TYPE_AND_MEMBERS_INTROSPECTED )
2021-04-22 14:08:34.743 END: completed in: 0ms, org.apache.isis.viewer.wicket.viewer.services.DeepLinkServiceWicket: #introspectUpTo( TYPE_AND_MEMBERS_INTROSPECTED )
2021-04-22 14:08:34.743 START: workQueue.size: 0, waited for: 396ms, org.apache.isis.viewer.wicket.viewer.services.GuiceBeanProviderWicket: #introspectUpTo( TYPE_AND_MEMBERS_INTROSPECTED )
2021-04-22 14:08:34.743 END: completed in: 0ms, org.apache.isis.viewer.wicket.viewer.services.GuiceBeanProviderWicket: #introspectUpTo( TYPE_AND_MEMBERS_INTROSPECTED )
2021-04-22 14:08:34.744 START: workQueue.size: 0, waited for: 396ms, org.apache.isis.viewer.wicket.viewer.services.HintStoreUsingWicketSession: #introspectUpTo( TYPE_AND_MEMBERS_INTROSPECTED )
2021-04-22 14:08:34.744 END: completed in: 1ms, org.apache.isis.viewer.wicket.viewer.services.HintStoreUsingWicketSession: #introspectUpTo( TYPE_AND_MEMBERS_INTROSPECTED )
2021-04-22 14:08:34.744 START: workQueue.size: 0, waited for: 397ms, org.apache.isis.viewer.wicket.viewer.services.LocaleProviderWicket: #introspectUpTo( TYPE_AND_MEMBERS_INTROSPECTED )
2021-04-22 14:08:34.744 END: completed in: 0ms, org.apache.isis.viewer.wicket.viewer.services.LocaleProviderWicket: #introspectUpTo( TYPE_AND_MEMBERS_INTROSPECTED )
2021-04-22 14:08:34.744 START: workQueue.size: 0, waited for: 397ms, org.apache.isis.viewer.wicket.viewer.services.TranslationsResolverWicket: #introspectUpTo( TYPE_AND_MEMBERS_INTROSPECTED )
2021-04-22 14:08:34.745 END: completed in: 1ms, org.apache.isis.viewer.wicket.viewer.services.TranslationsResolverWicket: #introspectUpTo( TYPE_AND_MEMBERS_INTROSPECTED )
2021-04-22 14:08:34.742 START: workQueue.size: 0, waited for: 395ms, org.apache.isis.viewer.restfulobjects.rendering.service.acceptheader.AcceptHeaderServiceForRest: #introspectUpTo( TYPE_AND_MEMBERS_INTROSPECTED )
2021-04-22 14:08:34.745 END: completed in: 3ms, org.apache.isis.viewer.restfulobjects.rendering.service.acceptheader.AcceptHeaderServiceForRest: #introspectUpTo( TYPE_AND_MEMBERS_INTROSPECTED )
2021-04-22 14:08:34.745 join'ing 100 tasks: waited 0 milliseconds 
2021-04-22 14:08:34.746 START: workQueue.size: 0, waited for: 0ms, org.apache.isis.core.metamodel.services.jdosupport.Persistable_datanucleusIdLong: #introspectUpTo( TYPE_AND_MEMBERS_INTROSPECTED )
2021-04-22 14:08:34.753 END: completed in: 7ms, org.apache.isis.core.metamodel.services.jdosupport.Persistable_datanucleusIdLong: #introspectUpTo( TYPE_AND_MEMBERS_INTROSPECTED )
2021-04-22 14:08:34.754 START: workQueue.size: 0, waited for: 8ms, org.apache.isis.applib.services.layout.Object_rebuildMetamodel: #introspectUpTo( TYPE_AND_MEMBERS_INTROSPECTED )
2021-04-22 14:08:34.757 END: completed in: 3ms, org.apache.isis.applib.services.layout.Object_rebuildMetamodel: #introspectUpTo( TYPE_AND_MEMBERS_INTROSPECTED )
2021-04-22 14:08:34.757 START: workQueue.size: 0, waited for: 11ms, org.apache.isis.viewer.wicket.viewer.services.Object_clearHints: #introspectUpTo( TYPE_AND_MEMBERS_INTROSPECTED )
2021-04-22 14:08:34.760 END: completed in: 3ms, org.apache.isis.viewer.wicket.viewer.services.Object_clearHints: #introspectUpTo( TYPE_AND_MEMBERS_INTROSPECTED )
2021-04-22 14:08:34.760 START: workQueue.size: 0, waited for: 14ms, org.apache.isis.applib.services.bookmark.BookmarkHolder_object: #introspectUpTo( TYPE_AND_MEMBERS_INTROSPECTED )
2021-04-22 14:08:34.763 START: workQueue.size: 0, waited for: 17ms, org.apache.isis.core.metamodel.services.jdosupport.Persistable_datanucleusVersionLong: #introspectUpTo( TYPE_AND_MEMBERS_INTROSPECTED )
2021-04-22 14:08:34.766 END: completed in: 3ms, org.apache.isis.core.metamodel.services.jdosupport.Persistable_datanucleusVersionLong: #introspectUpTo( TYPE_AND_MEMBERS_INTROSPECTED )
2021-04-22 14:08:34.766 START: workQueue.size: 0, waited for: 20ms, org.apache.isis.applib.services.dto.Dto_downloadXml: #introspectUpTo( TYPE_AND_MEMBERS_INTROSPECTED )
2021-04-22 14:08:34.770 END: completed in: 3ms, org.apache.isis.applib.services.bookmark.BookmarkHolder_object: #introspectUpTo( TYPE_AND_MEMBERS_INTROSPECTED )
2021-04-22 14:08:34.770 START: workQueue.size: 0, waited for: 24ms, org.apache.isis.core.metamodel.services.jdosupport.Persistable_datanucleusVersionTimestamp: #introspectUpTo( TYPE_AND_MEMBERS_INTROSPECTED )
2021-04-22 14:08:34.775 END: completed in: 9ms, org.apache.isis.applib.services.dto.Dto_downloadXml: #introspectUpTo( TYPE_AND_MEMBERS_INTROSPECTED )
2021-04-22 14:08:34.777 END: completed in: 7ms, org.apache.isis.core.metamodel.services.jdosupport.Persistable_datanucleusVersionTimestamp: #introspectUpTo( TYPE_AND_MEMBERS_INTROSPECTED )
2021-04-22 14:08:34.777 START: workQueue.size: 0, waited for: 31ms, org.apache.isis.applib.services.bookmark.BookmarkHolder_lookup: #introspectUpTo( TYPE_AND_MEMBERS_INTROSPECTED )
2021-04-22 14:08:34.781 START: workQueue.size: 0, waited for: 35ms, org.apache.isis.core.metamodel.services.jdosupport.Persistable_downloadJdoMetadata: #introspectUpTo( TYPE_AND_MEMBERS_INTROSPECTED )
2021-04-22 14:08:34.785 END: completed in: 8ms, org.apache.isis.applib.services.bookmark.BookmarkHolder_lookup: #introspectUpTo( TYPE_AND_MEMBERS_INTROSPECTED )
2021-04-22 14:08:34.786 START: workQueue.size: 0, waited for: 40ms, org.apache.isis.applib.services.layout.Object_openRestApi: #introspectUpTo( TYPE_AND_MEMBERS_INTROSPECTED )
2021-04-22 14:08:34.789 END: completed in: 8ms, org.apache.isis.core.metamodel.services.jdosupport.Persistable_downloadJdoMetadata: #introspectUpTo( TYPE_AND_MEMBERS_INTROSPECTED )
2021-04-22 14:08:34.790 START: workQueue.size: 0, waited for: 44ms, org.apache.isis.applib.services.layout.Object_downloadLayoutXml: #introspectUpTo( TYPE_AND_MEMBERS_INTROSPECTED )
2021-04-22 14:08:34.797 END: completed in: 7ms, org.apache.isis.applib.services.layout.Object_downloadLayoutXml: #introspectUpTo( TYPE_AND_MEMBERS_INTROSPECTED )
2021-04-22 14:08:34.798 START: workQueue.size: 0, waited for: 52ms, org.apache.isis.applib.services.dto.Dto_downloadXsd: #introspectUpTo( TYPE_AND_MEMBERS_INTROSPECTED )
2021-04-22 14:08:34.804 END: completed in: 17ms, org.apache.isis.applib.services.layout.Object_openRestApi: #introspectUpTo( TYPE_AND_MEMBERS_INTROSPECTED )
2021-04-22 14:08:34.810 END: completed in: 12ms, org.apache.isis.applib.services.dto.Dto_downloadXsd: #introspectUpTo( TYPE_AND_MEMBERS_INTROSPECTED )
2021-04-22 14:08:34.810 join'ing 12 tasks: waited 0 milliseconds 
2021-04-22 14:08:34.811 END: completed in: 2765ms, SpecificationLoader#init()
2021-04-22 14:08:35.944 END: completed in: 3898ms, persistenceSessionFactory#init(...)
2021-04-22 14:08:35.944 join'ing 5 tasks: waited 0 milliseconds 
2021-04-22 14:08:36.370 join'ing 3 tasks: waited 1 milliseconds 
